2020-09-08T00:01:08.3484225-03:00  [INF] Application started. Press Ctrl+C to shut down. (dcaefe54)
2020-09-08T00:01:08.3561593-03:00  [INF] Hosting environment: "Development" (c3307c92)
2020-09-08T00:01:08.3563090-03:00  [INF] Content root path: "F:\Projetos\Faculdade\Trabalho - middleware aal\middleware_autorization_authentication_auditing\middleware_autorization_authentication_auditing" (b5d60022)
2020-09-08T00:01:33.2567097-03:00  [INF] Application started. Press Ctrl+C to shut down. (dcaefe54)
2020-09-08T00:01:33.2641517-03:00  [INF] Hosting environment: "Development" (c3307c92)
2020-09-08T00:01:33.2643235-03:00  [INF] Content root path: "F:\Projetos\Faculdade\Trabalho - middleware aal\middleware_autorization_authentication_auditing\middleware_autorization_authentication_auditing" (b5d60022)
2020-09-08T00:02:14.8785393-03:00 8000000e-0004-fb00-b63f-84710c7967bb [INF] Usuário  gabriel2mm efetuou login ás 08/09/2020 00:02 (87ea9a8a)
2020-09-08T00:04:54.9679877-03:00  [INF] Application started. Press Ctrl+C to shut down. (dcaefe54)
2020-09-08T00:04:54.9779202-03:00  [INF] Hosting environment: "Development" (c3307c92)
2020-09-08T00:04:54.9781028-03:00  [INF] Content root path: "F:\Projetos\Faculdade\Trabalho - middleware aal\middleware_autorization_authentication_auditing\middleware_autorization_authentication_auditing" (b5d60022)
2020-09-08T00:19:41.8512821-03:00  [INF] Application started. Press Ctrl+C to shut down. (dcaefe54)
2020-09-08T00:19:41.9328214-03:00  [INF] Hosting environment: "Development" (c3307c92)
2020-09-08T00:19:41.9330782-03:00  [INF] Content root path: "F:\Projetos\Faculdade\Trabalho - middleware aal\middleware_autorization_authentication_auditing\middleware_autorization_authentication_auditing" (b5d60022)
2020-09-08T00:24:43.4883458-03:00  [INF] Application started. Press Ctrl+C to shut down. (dcaefe54)
2020-09-08T00:24:43.4956817-03:00  [INF] Hosting environment: "Development" (c3307c92)
2020-09-08T00:24:43.4959167-03:00  [INF] Content root path: "F:\Projetos\Faculdade\Trabalho - middleware aal\middleware_autorization_authentication_auditing\middleware_autorization_authentication_auditing" (b5d60022)
2020-09-08T00:27:01.0549946-03:00  [INF] Application started. Press Ctrl+C to shut down. (dcaefe54)
2020-09-08T00:27:01.0628712-03:00  [INF] Hosting environment: "Development" (c3307c92)
2020-09-08T00:27:01.0630820-03:00  [INF] Content root path: "F:\Projetos\Faculdade\Trabalho - middleware aal\middleware_autorization_authentication_auditing\middleware_autorization_authentication_auditing" (b5d60022)
2020-09-08T00:28:07.7515482-03:00  [INF] Application started. Press Ctrl+C to shut down. (dcaefe54)
2020-09-08T00:28:07.7597969-03:00  [INF] Hosting environment: "Development" (c3307c92)
2020-09-08T00:28:07.7600690-03:00  [INF] Content root path: "F:\Projetos\Faculdade\Trabalho - middleware aal\middleware_autorization_authentication_auditing\middleware_autorization_authentication_auditing" (b5d60022)
2020-09-08T00:58:25.3021580-03:00  [INF] Application started. Press Ctrl+C to shut down. (dcaefe54)
2020-09-08T00:58:25.3106187-03:00  [INF] Hosting environment: "Development" (c3307c92)
2020-09-08T00:58:25.3108534-03:00  [INF] Content root path: "F:\Projetos\Faculdade\Trabalho - middleware aal\middleware_autorization_authentication_auditing\middleware_autorization_authentication_auditing" (b5d60022)
2020-09-08T01:00:34.1185057-03:00 80000002-0007-fe00-b63f-84710c7967bb [ERR] Não foi possível recuperar usuário (e01b7d26)
System.AggregateException: One or more errors occurred. (IDX12401: Expires: '[PII is hidden. For more details, see https://aka.ms/IdentityModel/PII.]' must be after NotBefore: '[PII is hidden. For more details, see https://aka.ms/IdentityModel/PII.]'.)
 ---> System.ArgumentException: IDX12401: Expires: '[PII is hidden. For more details, see https://aka.ms/IdentityModel/PII.]' must be after NotBefore: '[PII is hidden. For more details, see https://aka.ms/IdentityModel/PII.]'.
   at System.IdentityModel.Tokens.Jwt.JwtPayload..ctor(String issuer, String audience, IEnumerable`1 claims, Nullable`1 notBefore, Nullable`1 expires, Nullable`1 issuedAt)
   at System.IdentityModel.Tokens.Jwt.JwtSecurityTokenHandler.CreateJwtSecurityTokenPrivate(String issuer, String audience, ClaimsIdentity subject, Nullable`1 notBefore, Nullable`1 expires, Nullable`1 issuedAt, SigningCredentials signingCredentials, EncryptingCredentials encryptingCredentials)
   at System.IdentityModel.Tokens.Jwt.JwtSecurityTokenHandler.CreateToken(SecurityTokenDescriptor tokenDescriptor)
   at middleware.Security.TokenService.GenerateToken(User user, Byte[] key, Dictionary`2 pairRoles) in F:\Projetos\Faculdade\Trabalho - middleware aal\middleware_autorization_authentication_auditing\middleware_autorization_authentication_auditing\Security\TokenService.cs:line 33
   at middleware.Helpers.TokenHelper.TokenWithRolesClaims(User user, UserManager`1 userManager, RoleManager`1 roleManager, IConfiguration configuration) in F:\Projetos\Faculdade\Trabalho - middleware aal\middleware_autorization_authentication_auditing\middleware_autorization_authentication_auditing\Helpers\TokenHelper.cs:line 41
   --- End of inner exception stack trace ---
   at System.Threading.Tasks.Task.ThrowIfExceptional(Boolean includeTaskCanceledExceptions)
   at System.Threading.Tasks.Task`1.GetResultCore(Boolean waitCompletionNotification)
   at System.Threading.Tasks.Task`1.get_Result()
   at middleware.Controllers.AccountController.Authenticate(JObject login) in F:\Projetos\Faculdade\Trabalho - middleware aal\middleware_autorization_authentication_auditing\middleware_autorization_authentication_auditing\Controllers\AccountController.cs:line 67
2020-09-08T01:01:00.1050836-03:00  [INF] Application started. Press Ctrl+C to shut down. (dcaefe54)
2020-09-08T01:01:00.1126158-03:00  [INF] Hosting environment: "Development" (c3307c92)
2020-09-08T01:01:00.1128191-03:00  [INF] Content root path: "F:\Projetos\Faculdade\Trabalho - middleware aal\middleware_autorization_authentication_auditing\middleware_autorization_authentication_auditing" (b5d60022)
2020-09-08T01:04:57.8350137-03:00  [INF] Application started. Press Ctrl+C to shut down. (dcaefe54)
2020-09-08T01:04:57.8427920-03:00  [INF] Hosting environment: "Development" (c3307c92)
2020-09-08T01:04:57.8429757-03:00  [INF] Content root path: "F:\Projetos\Faculdade\Trabalho - middleware aal\middleware_autorization_authentication_auditing\middleware_autorization_authentication_auditing" (b5d60022)
2020-09-08T01:05:14.8168232-03:00 80000017-0004-fb00-b63f-84710c7967bb [INF] Usuário  teste efetuou login ás 08/09/2020 01:05 (058d174a)
2020-09-08T01:05:32.5356910-03:00 80000019-0004-fb00-b63f-84710c7967bb [INF] Usuário  gabriel2mm efetuou login ás 08/09/2020 01:05 (59740f27)
2020-09-08T01:05:40.4469353-03:00 8000001a-0004-fb00-b63f-84710c7967bb [INF] O Usuário gabriel2mm visualizou a lista de usuários (f65e3adf)
2020-09-08T03:10:38.9009094-03:00  [INF] Application started. Press Ctrl+C to shut down. (dcaefe54)
2020-09-08T03:10:38.9090222-03:00  [INF] Hosting environment: "Development" (c3307c92)
2020-09-08T03:10:38.9092489-03:00  [INF] Content root path: "F:\Projetos\Faculdade\Trabalho - middleware aal\middleware_autorization_authentication_auditing\middleware_autorization_authentication_auditing" (b5d60022)
2020-09-08T03:21:38.3934553-03:00  [INF] Application started. Press Ctrl+C to shut down. (dcaefe54)
2020-09-08T03:21:38.4018049-03:00  [INF] Hosting environment: "Development" (c3307c92)
2020-09-08T03:21:38.4019848-03:00  [INF] Content root path: "F:\Projetos\Faculdade\Trabalho - middleware aal\middleware_autorization_authentication_auditing\middleware_autorization_authentication_auditing" (b5d60022)
2020-09-08T15:20:00.3390160-03:00  [INF] Application started. Press Ctrl+C to shut down. (dcaefe54)
2020-09-08T15:20:00.3469248-03:00  [INF] Hosting environment: "Development" (c3307c92)
2020-09-08T15:20:00.3471916-03:00  [INF] Content root path: "F:\Projetos\Faculdade\Trabalho - middleware aal\middleware_autorization_authentication_auditing\middleware_autorization_authentication_auditing" (b5d60022)
2020-09-08T15:27:31.6995054-03:00  [INF] Application started. Press Ctrl+C to shut down. (dcaefe54)
2020-09-08T15:27:31.7078823-03:00  [INF] Hosting environment: "Development" (c3307c92)
2020-09-08T15:27:31.7080770-03:00  [INF] Content root path: "F:\Projetos\Faculdade\Trabalho - middleware aal\Aplicacao_controle_seguranca\Applicacao" (b5d60022)
2020-09-08T15:28:08.6436506-03:00  [INF] Application started. Press Ctrl+C to shut down. (dcaefe54)
2020-09-08T15:28:08.6515186-03:00  [INF] Hosting environment: "Development" (c3307c92)
2020-09-08T15:28:08.6517322-03:00  [INF] Content root path: "F:\Projetos\Faculdade\Trabalho - middleware aal\Aplicacao_controle_seguranca\Applicacao" (b5d60022)
2020-09-08T15:28:46.3954111-03:00  [INF] Application started. Press Ctrl+C to shut down. (dcaefe54)
2020-09-08T15:28:46.4034151-03:00  [INF] Hosting environment: "Development" (c3307c92)
2020-09-08T15:28:46.4035991-03:00  [INF] Content root path: "F:\Projetos\Faculdade\Trabalho - middleware aal\Aplicacao_controle_seguranca\Applicacao" (b5d60022)
2020-09-08T15:29:06.9844135-03:00  [INF] Application started. Press Ctrl+C to shut down. (dcaefe54)
2020-09-08T15:29:06.9923045-03:00  [INF] Hosting environment: "Development" (c3307c92)
2020-09-08T15:29:06.9924802-03:00  [INF] Content root path: "F:\Projetos\Faculdade\Trabalho - middleware aal\Aplicacao_controle_seguranca\Applicacao" (b5d60022)
2020-09-08T16:08:12.2457333-03:00  [INF] Application started. Press Ctrl+C to shut down. (dcaefe54)
2020-09-08T16:08:12.2531934-03:00  [INF] Hosting environment: "Development" (c3307c92)
2020-09-08T16:08:12.2534496-03:00  [INF] Content root path: "F:\Projetos\Faculdade\Trabalho - middleware aal\Aplicacao_controle_seguranca\Application" (b5d60022)
2020-09-08T16:12:43.5723583-03:00  [INF] Application started. Press Ctrl+C to shut down. (dcaefe54)
2020-09-08T16:12:43.5822312-03:00  [INF] Hosting environment: "Development" (c3307c92)
2020-09-08T16:12:43.5824189-03:00  [INF] Content root path: "F:\Projetos\Faculdade\Trabalho - middleware aal\Aplicacao_controle_seguranca\Application" (b5d60022)
2020-09-08T16:18:44.4596192-03:00  [INF] Application started. Press Ctrl+C to shut down. (dcaefe54)
2020-09-08T16:18:44.4697189-03:00  [INF] Hosting environment: "Development" (c3307c92)
2020-09-08T16:18:44.4699463-03:00  [INF] Content root path: "F:\Projetos\Faculdade\Trabalho - middleware aal\Aplicacao_controle_seguranca\Application" (b5d60022)
2020-09-08T16:19:55.6238250-03:00 80000024-0002-fe00-b63f-84710c7967bb [INF] O Usuário gabriel2mm foi registrado na data 08/09/2020 16:19 (20696882)
2020-09-08T16:20:52.7124191-03:00 80000026-0002-fe00-b63f-84710c7967bb [ERR] An unhandled exception has occurred while executing the request. (48a46595)
System.NullReferenceException: Object reference not set to an instance of an object.
   at Middleware.Application.Controllers.RoleController.CreateRole(IdentityRole role) in F:\Projetos\Faculdade\Trabalho - middleware aal\Aplicacao_controle_seguranca\Application\Controllers\RoleController.cs:line 103
   at Microsoft.AspNetCore.Mvc.Infrastructure.ActionMethodExecutor.TaskOfIActionResultExecutor.Execute(IActionResultTypeMapper mapper, ObjectMethodExecutor executor, Object controller, Object[] arguments)
   at Microsoft.AspNetCore.Mvc.Infrastructure.ControllerActionInvoker.<InvokeActionMethodAsync>g__Awaited|12_0(ControllerActionInvoker invoker, ValueTask`1 actionResultValueTask)
   at Microsoft.AspNetCore.Mvc.Infrastructure.ControllerActionInvoker.<InvokeNextActionFilterAsync>g__Awaited|10_0(ControllerActionInvoker invoker, Task lastTask, State next, Scope scope, Object state, Boolean isCompleted)
   at Microsoft.AspNetCore.Mvc.Infrastructure.ControllerActionInvoker.Rethrow(ActionExecutedContextSealed context)
   at Microsoft.AspNetCore.Mvc.Infrastructure.ControllerActionInvoker.Next(State& next, Scope& scope, Object& state, Boolean& isCompleted)
   at Microsoft.AspNetCore.Mvc.Infrastructure.ControllerActionInvoker.InvokeInnerFilterAsync()
--- End of stack trace from previous location where exception was thrown ---
   at Microsoft.AspNetCore.Mvc.Infrastructure.ResourceInvoker.<InvokeFilterPipelineAsync>g__Awaited|19_0(ResourceInvoker invoker, Task lastTask, State next, Scope scope, Object state, Boolean isCompleted)
   at Microsoft.AspNetCore.Mvc.Infrastructure.ResourceInvoker.<InvokeAsync>g__Awaited|17_0(ResourceInvoker invoker, Task task, IDisposable scope)
   at Microsoft.AspNetCore.Routing.EndpointMiddleware.<Invoke>g__AwaitRequestTask|6_0(Endpoint endpoint, Task requestTask, ILogger logger)
   at Microsoft.AspNetCore.Authorization.AuthorizationMiddleware.Invoke(HttpContext context)
   at Microsoft.AspNetCore.Authentication.AuthenticationMiddleware.Invoke(HttpContext context)
   at Microsoft.AspNetCore.Diagnostics.DeveloperExceptionPageMiddleware.Invoke(HttpContext context)
2020-09-08T16:21:37.8036960-03:00  [INF] Application started. Press Ctrl+C to shut down. (dcaefe54)
2020-09-08T16:21:37.8125748-03:00  [INF] Hosting environment: "Development" (c3307c92)
2020-09-08T16:21:37.8128944-03:00  [INF] Content root path: "F:\Projetos\Faculdade\Trabalho - middleware aal\Aplicacao_controle_seguranca\Application" (b5d60022)
2020-09-08T16:23:11.2901300-03:00  [INF] Application started. Press Ctrl+C to shut down. (dcaefe54)
2020-09-08T16:23:11.2981693-03:00  [INF] Hosting environment: "Development" (c3307c92)
2020-09-08T16:23:11.2984109-03:00  [INF] Content root path: "F:\Projetos\Faculdade\Trabalho - middleware aal\Aplicacao_controle_seguranca\Application" (b5d60022)
2020-09-08T16:23:33.4155724-03:00  [INF] Application started. Press Ctrl+C to shut down. (dcaefe54)
2020-09-08T16:23:33.4240173-03:00  [INF] Hosting environment: "Development" (c3307c92)
2020-09-08T16:23:33.4242001-03:00  [INF] Content root path: "F:\Projetos\Faculdade\Trabalho - middleware aal\Aplicacao_controle_seguranca\Application" (b5d60022)
2020-09-08T16:24:51.2296531-03:00  [INF] Application started. Press Ctrl+C to shut down. (dcaefe54)
2020-09-08T16:24:51.2378835-03:00  [INF] Hosting environment: "Development" (c3307c92)
2020-09-08T16:24:51.2380724-03:00  [INF] Content root path: "F:\Projetos\Faculdade\Trabalho - middleware aal\Aplicacao_controle_seguranca\Application" (b5d60022)
2020-09-08T16:25:12.0827719-03:00  [INF] Application started. Press Ctrl+C to shut down. (dcaefe54)
2020-09-08T16:25:12.0910988-03:00  [INF] Hosting environment: "Development" (c3307c92)
2020-09-08T16:25:12.0913055-03:00  [INF] Content root path: "F:\Projetos\Faculdade\Trabalho - middleware aal\Aplicacao_controle_seguranca\Application" (b5d60022)
2020-09-08T16:28:08.7756492-03:00  [INF] Application started. Press Ctrl+C to shut down. (dcaefe54)
2020-09-08T16:28:08.7829298-03:00  [INF] Hosting environment: "Development" (c3307c92)
2020-09-08T16:28:08.7831434-03:00  [INF] Content root path: "F:\Projetos\Faculdade\Trabalho - middleware aal\Aplicacao_controle_seguranca\Application" (b5d60022)
2020-09-08T16:28:49.9909617-03:00 80000010-0004-f800-b63f-84710c7967bb [INF] Usuário  gabriel2mm efetuou login ás 08/09/2020 16:28 (ba44ab3b)
2020-09-08T16:29:07.3285882-03:00 80000012-0004-f800-b63f-84710c7967bb [INF] O Usuário gabriel2mm visualizou a lista de roles (32d6e215)
