2020-09-05T18:19:13.7221387-03:00  [INF] Application started. Press Ctrl+C to shut down. (dcaefe54)
2020-09-05T18:19:13.7401230-03:00  [INF] Hosting environment: "Development" (c3307c92)
2020-09-05T18:19:13.7404204-03:00  [INF] Content root path: "F:\Projetos\Faculdade\Trabalho - middleware aal\middleware_autorization_authentication_auditing\middleware_autorization_authentication_auditing" (b5d60022)
2020-09-05T18:19:19.9279813-03:00 80000134-0004-fc00-b63f-84710c7967bb [ERR] An unhandled exception has occurred while executing the request. (48a46595)
System.InvalidOperationException: Unable to resolve service for type 'middleware.Respositories.UserRepository' while attempting to activate 'middleware_autorization_authentication_auditing.Controllers.UserController'.
   at Microsoft.Extensions.DependencyInjection.ActivatorUtilities.GetService(IServiceProvider sp, Type type, Type requiredBy, Boolean isDefaultParameterRequired)
   at lambda_method(Closure , IServiceProvider , Object[] )
   at Microsoft.AspNetCore.Mvc.Controllers.ControllerActivatorProvider.<>c__DisplayClass4_0.<CreateActivator>b__0(ControllerContext controllerContext)
   at Microsoft.AspNetCore.Mvc.Controllers.ControllerFactoryProvider.<>c__DisplayClass5_0.<CreateControllerFactory>g__CreateController|0(ControllerContext controllerContext)
   at Microsoft.AspNetCore.Mvc.Infrastructure.ControllerActionInvoker.Next(State& next, Scope& scope, Object& state, Boolean& isCompleted)
   at Microsoft.AspNetCore.Mvc.Infrastructure.ControllerActionInvoker.InvokeInnerFilterAsync()
--- End of stack trace from previous location where exception was thrown ---
   at Microsoft.AspNetCore.Mvc.Infrastructure.ResourceInvoker.<InvokeFilterPipelineAsync>g__Awaited|19_0(ResourceInvoker invoker, Task lastTask, State next, Scope scope, Object state, Boolean isCompleted)
   at Microsoft.AspNetCore.Mvc.Infrastructure.ResourceInvoker.<InvokeAsync>g__Awaited|17_0(ResourceInvoker invoker, Task task, IDisposable scope)
   at Microsoft.AspNetCore.Routing.EndpointMiddleware.<Invoke>g__AwaitRequestTask|6_0(Endpoint endpoint, Task requestTask, ILogger logger)
   at Microsoft.AspNetCore.Authorization.AuthorizationMiddleware.Invoke(HttpContext context)
   at Microsoft.AspNetCore.Authentication.AuthenticationMiddleware.Invoke(HttpContext context)
   at Microsoft.AspNetCore.Diagnostics.DeveloperExceptionPageMiddleware.Invoke(HttpContext context)
2020-09-05T18:22:02.8318226-03:00  [INF] Application started. Press Ctrl+C to shut down. (dcaefe54)
2020-09-05T18:22:02.8488537-03:00  [INF] Hosting environment: "Development" (c3307c92)
2020-09-05T18:22:02.8490953-03:00  [INF] Content root path: "F:\Projetos\Faculdade\Trabalho - middleware aal\middleware_autorization_authentication_auditing\middleware_autorization_authentication_auditing" (b5d60022)
2020-09-05T18:22:35.4809019-03:00  [INF] Application started. Press Ctrl+C to shut down. (dcaefe54)
2020-09-05T18:22:35.4938992-03:00  [INF] Hosting environment: "Development" (c3307c92)
2020-09-05T18:22:35.4940893-03:00  [INF] Content root path: "F:\Projetos\Faculdade\Trabalho - middleware aal\middleware_autorization_authentication_auditing\middleware_autorization_authentication_auditing" (b5d60022)
2020-09-05T18:22:53.8571630-03:00 80000014-0000-fc00-b63f-84710c7967bb [INF] Usuário  gabriel2mm efetuou login ás 05/09/2020 21:22 (181a8f2a)
2020-09-05T18:23:07.5375886-03:00 80000015-0000-fc00-b63f-84710c7967bb [INF] O Usuário gabriel2mm visualizou a lista de usuários (f65e3adf)
2020-09-05T18:24:22.8431963-03:00  [INF] Application started. Press Ctrl+C to shut down. (dcaefe54)
2020-09-05T18:24:22.8568668-03:00  [INF] Hosting environment: "Development" (c3307c92)
2020-09-05T18:24:22.8570440-03:00  [INF] Content root path: "F:\Projetos\Faculdade\Trabalho - middleware aal\middleware_autorization_authentication_auditing\middleware_autorization_authentication_auditing" (b5d60022)
2020-09-05T18:24:27.9412765-03:00 800000d0-0005-fd00-b63f-84710c7967bb [INF] Usuário  gabriel2mm efetuou login ás 05/09/2020 18:24 (f65a035b)
2020-09-05T18:24:35.1496393-03:00 800000d1-0005-fd00-b63f-84710c7967bb [INF] O Usuário gabriel2mm visualizou a lista de usuários (f65e3adf)
2020-09-05T18:24:53.6131952-03:00 800000d2-0005-fd00-b63f-84710c7967bb [INF] O Usuário gabriel2mm visualizou o Usuário gabriel2mm (4d52ac30)
2020-09-05T18:27:25.1447257-03:00 800000d5-0005-fd00-b63f-84710c7967bb [INF] O Usuário gabriel2mm atualizou o usuário gabriel2mm (3b02c5a5)
2020-09-05T18:27:31.5196613-03:00 800000d6-0005-fd00-b63f-84710c7967bb [INF] O Usuário gabriel2mm atualizou o usuário gabriel2mm (3b02c5a5)
2020-09-05T18:37:11.9420620-03:00  [INF] Application started. Press Ctrl+C to shut down. (dcaefe54)
2020-09-05T18:37:11.9543150-03:00  [INF] Hosting environment: "Development" (c3307c92)
2020-09-05T18:37:11.9544409-03:00  [INF] Content root path: "F:\Projetos\Faculdade\Trabalho - middleware aal\middleware_autorization_authentication_auditing\middleware_autorization_authentication_auditing" (b5d60022)
2020-09-05T18:37:17.5795226-03:00 800001a6-0006-ff00-b63f-84710c7967bb [INF] O Usuário gabriel2mm visualizou a lista de usuários (f65e3adf)
2020-09-05T18:37:28.8011853-03:00 800001a7-0006-ff00-b63f-84710c7967bb [INF] O Usuário gabriel2mm deletou o usuário teste (7a6204ad)
2020-09-05T18:37:34.6114728-03:00 800001a8-0006-ff00-b63f-84710c7967bb [INF] O Usuário gabriel2mm visualizou a lista de usuários (f65e3adf)
2020-09-05T18:38:12.6339995-03:00 800001a9-0006-ff00-b63f-84710c7967bb [WRN] User "2d2784f9-b004-4d76-86fa-edf2b7806f84" password validation failed: "PasswordRequiresNonAlphanumeric;PasswordRequiresUpper". (2f223212)
2020-09-05T18:38:12.6351628-03:00 800001a9-0006-ff00-b63f-84710c7967bb [ERR] Erro ao alterar senha do usuário gabriel2mm (55d021be)
2020-09-05T18:39:04.5698779-03:00  [INF] Application started. Press Ctrl+C to shut down. (dcaefe54)
2020-09-05T18:39:04.5839271-03:00  [INF] Hosting environment: "Development" (c3307c92)
2020-09-05T18:39:04.5841253-03:00  [INF] Content root path: "F:\Projetos\Faculdade\Trabalho - middleware aal\middleware_autorization_authentication_auditing\middleware_autorization_authentication_auditing" (b5d60022)
2020-09-05T18:39:11.2984269-03:00 80000146-0001-ff00-b63f-84710c7967bb [INF] O Usuário "gabriel2mm" trocou a senha do usuário "gabriel2mm" (f76669c8)
2020-09-05T18:39:53.5262403-03:00 8000014c-0001-ff00-b63f-84710c7967bb [WRN] Change password failed for user "2d2784f9-b004-4d76-86fa-edf2b7806f84". (4e3cf999)
2020-09-05T18:39:53.5302651-03:00 8000014c-0001-ff00-b63f-84710c7967bb [ERR] Erro ao alterar senha do usuário gabriel2mm (55d021be)
2020-09-05T18:40:20.3751568-03:00 8000014d-0001-ff00-b63f-84710c7967bb [WRN] Change password failed for user "2d2784f9-b004-4d76-86fa-edf2b7806f84". (4e3cf999)
2020-09-05T18:40:46.7976396-03:00 8000014d-0001-ff00-b63f-84710c7967bb [ERR] Erro ao alterar senha do usuário gabriel2mm (55d021be)
2020-09-05T18:41:02.6267919-03:00 8000014e-0001-ff00-b63f-84710c7967bb [INF] O Usuário "gabriel2mm" trocou a senha do usuário "gabriel2mm" (f76669c8)
2020-09-05T18:42:20.0164954-03:00  [INF] Application started. Press Ctrl+C to shut down. (dcaefe54)
2020-09-05T18:42:20.0311106-03:00  [INF] Hosting environment: "Development" (c3307c92)
2020-09-05T18:42:20.0313001-03:00  [INF] Content root path: "F:\Projetos\Faculdade\Trabalho - middleware aal\middleware_autorization_authentication_auditing\middleware_autorization_authentication_auditing" (b5d60022)
2020-09-05T18:44:22.8556993-03:00 8000012c-0004-fd00-b63f-84710c7967bb [WRN] Change password failed for user "2d2784f9-b004-4d76-86fa-edf2b7806f84". (4e3cf999)
2020-09-05T18:44:22.8615761-03:00 8000012c-0004-fd00-b63f-84710c7967bb [ERR] Erro ao alterar senha do usuário gabriel2mm (55d021be)
2020-09-05T18:44:27.4164596-03:00 8000012d-0004-fd00-b63f-84710c7967bb [INF] O Usuário "gabriel2mm" trocou a senha do usuário "gabriel2mm" (f76669c8)
2020-09-05T18:44:45.4480944-03:00 80000132-0004-fd00-b63f-84710c7967bb [INF] O Usuário "gabriel2mm" trocou a senha do usuário "gabriel2mm" (f76669c8)
2020-09-05T18:49:31.8270893-03:00  [INF] Application started. Press Ctrl+C to shut down. (dcaefe54)
2020-09-05T18:49:31.8422621-03:00  [INF] Hosting environment: "Development" (c3307c92)
2020-09-05T18:49:31.8424263-03:00  [INF] Content root path: "F:\Projetos\Faculdade\Trabalho - middleware aal\middleware_autorization_authentication_auditing\middleware_autorization_authentication_auditing" (b5d60022)
2020-09-05T18:50:10.8685707-03:00 80000156-0001-ff00-b63f-84710c7967bb [INF] O Usuário "gabriel2mm" trocou a senha do usuário "gabriel2mm" (f76669c8)
2020-09-05T18:52:24.6164059-03:00  [INF] Application started. Press Ctrl+C to shut down. (dcaefe54)
2020-09-05T18:52:24.6329176-03:00  [INF] Hosting environment: "Development" (c3307c92)
2020-09-05T18:52:24.6332129-03:00  [INF] Content root path: "F:\Projetos\Faculdade\Trabalho - middleware aal\middleware_autorization_authentication_auditing\middleware_autorization_authentication_auditing" (b5d60022)
2020-09-05T18:52:29.3206299-03:00 8000008f-0006-fe00-b63f-84710c7967bb [INF] O Usuário gabriel2mm visualizou a lista de usuários (f65e3adf)
2020-09-05T18:52:52.3879561-03:00 80000090-0006-fe00-b63f-84710c7967bb [INF] Usuário  gabriel2mm efetuou login ás 05/09/2020 18:52 (be9b993f)
2020-09-05T18:53:28.0160343-03:00 80000091-0006-fe00-b63f-84710c7967bb [INF] O Usuário gabriel2mm atualizou o usuário gabriel2mm (3b02c5a5)
2020-09-05T18:53:33.5707200-03:00 80000092-0006-fe00-b63f-84710c7967bb [INF] Usuário  gabriel2mm efetuou login ás 05/09/2020 18:53 (5a46d08f)
2020-09-05T20:04:25.0687562-03:00  [INF] Application started. Press Ctrl+C to shut down. (dcaefe54)
2020-09-05T20:04:25.0872466-03:00  [INF] Hosting environment: "Development" (c3307c92)
2020-09-05T20:04:25.0874420-03:00  [INF] Content root path: "F:\Projetos\Faculdade\Trabalho - middleware aal\middleware_autorization_authentication_auditing\middleware_autorization_authentication_auditing" (b5d60022)
2020-09-05T20:04:58.5948482-03:00 8000002d-0003-fa00-b63f-84710c7967bb [ERR] An unhandled exception has occurred while executing the request. (48a46595)
System.NullReferenceException: Object reference not set to an instance of an object.
   at middleware.Controllers.RoleController.GetAll() in F:\Projetos\Faculdade\Trabalho - middleware aal\middleware_autorization_authentication_auditing\middleware_autorization_authentication_auditing\Controllers\RoleController.cs:line 31
   at lambda_method(Closure , Object , Object[] )
   at Microsoft.Extensions.Internal.ObjectMethodExecutor.Execute(Object target, Object[] parameters)
   at Microsoft.AspNetCore.Mvc.Infrastructure.ActionMethodExecutor.SyncActionResultExecutor.Execute(IActionResultTypeMapper mapper, ObjectMethodExecutor executor, Object controller, Object[] arguments)
   at Microsoft.AspNetCore.Mvc.Infrastructure.ControllerActionInvoker.InvokeActionMethodAsync()
   at Microsoft.AspNetCore.Mvc.Infrastructure.ControllerActionInvoker.Next(State& next, Scope& scope, Object& state, Boolean& isCompleted)
   at Microsoft.AspNetCore.Mvc.Infrastructure.ControllerActionInvoker.InvokeNextActionFilterAsync()
--- End of stack trace from previous location where exception was thrown ---
   at Microsoft.AspNetCore.Mvc.Infrastructure.ControllerActionInvoker.Rethrow(ActionExecutedContextSealed context)
   at Microsoft.AspNetCore.Mvc.Infrastructure.ControllerActionInvoker.Next(State& next, Scope& scope, Object& state, Boolean& isCompleted)
   at Microsoft.AspNetCore.Mvc.Infrastructure.ControllerActionInvoker.InvokeInnerFilterAsync()
--- End of stack trace from previous location where exception was thrown ---
   at Microsoft.AspNetCore.Mvc.Infrastructure.ResourceInvoker.<InvokeFilterPipelineAsync>g__Awaited|19_0(ResourceInvoker invoker, Task lastTask, State next, Scope scope, Object state, Boolean isCompleted)
   at Microsoft.AspNetCore.Mvc.Infrastructure.ResourceInvoker.<InvokeAsync>g__Awaited|17_0(ResourceInvoker invoker, Task task, IDisposable scope)
   at Microsoft.AspNetCore.Routing.EndpointMiddleware.<Invoke>g__AwaitRequestTask|6_0(Endpoint endpoint, Task requestTask, ILogger logger)
   at Microsoft.AspNetCore.Authorization.AuthorizationMiddleware.Invoke(HttpContext context)
   at Microsoft.AspNetCore.Authentication.AuthenticationMiddleware.Invoke(HttpContext context)
   at Microsoft.AspNetCore.Diagnostics.DeveloperExceptionPageMiddleware.Invoke(HttpContext context)
2020-09-05T20:05:11.1109139-03:00 8000002e-0003-fa00-b63f-84710c7967bb [INF] Usuário  gabriel2mm efetuou login ás 05/09/2020 20:05 (e8c5d436)
2020-09-05T20:05:29.8653452-03:00 8000002f-0003-fa00-b63f-84710c7967bb [INF] O Usuário gabriel2mm visualizou a lista de roles (32d6e215)
2020-09-05T20:07:51.8719912-03:00  [INF] Application started. Press Ctrl+C to shut down. (dcaefe54)
2020-09-05T20:07:51.8850663-03:00  [INF] Hosting environment: "Development" (c3307c92)
2020-09-05T20:07:51.8852456-03:00  [INF] Content root path: "F:\Projetos\Faculdade\Trabalho - middleware aal\middleware_autorization_authentication_auditing\middleware_autorization_authentication_auditing" (b5d60022)
2020-09-05T20:07:53.4559966-03:00 80000030-0001-fe00-b63f-84710c7967bb [ERR] An unhandled exception has occurred while executing the request. (48a46595)
Newtonsoft.Json.JsonSerializationException: Self referencing loop detected with type 'System.Security.Claims.Claim'. Path '[0].Subject.Claims'.
   at Newtonsoft.Json.Serialization.JsonSerializerInternalWriter.CheckForCircularReference(JsonWriter writer, Object value, JsonProperty property, JsonContract contract, JsonContainerContract containerContract, JsonProperty containerProperty)
   at Newtonsoft.Json.Serialization.JsonSerializerInternalWriter.SerializeList(JsonWriter writer, IEnumerable values, JsonArrayContract contract, JsonProperty member, JsonContainerContract collectionContract, JsonProperty containerProperty)
   at Newtonsoft.Json.Serialization.JsonSerializerInternalWriter.SerializeValue(JsonWriter writer, Object value, JsonContract valueContract, JsonProperty member, JsonContainerContract containerContract, JsonProperty containerProperty)
   at Newtonsoft.Json.Serialization.JsonSerializerInternalWriter.SerializeObject(JsonWriter writer, Object value, JsonObjectContract contract, JsonProperty member, JsonContainerContract collectionContract, JsonProperty containerProperty)
   at Newtonsoft.Json.Serialization.JsonSerializerInternalWriter.SerializeValue(JsonWriter writer, Object value, JsonContract valueContract, JsonProperty member, JsonContainerContract containerContract, JsonProperty containerProperty)
   at Newtonsoft.Json.Serialization.JsonSerializerInternalWriter.SerializeObject(JsonWriter writer, Object value, JsonObjectContract contract, JsonProperty member, JsonContainerContract collectionContract, JsonProperty containerProperty)
   at Newtonsoft.Json.Serialization.JsonSerializerInternalWriter.SerializeValue(JsonWriter writer, Object value, JsonContract valueContract, JsonProperty member, JsonContainerContract containerContract, JsonProperty containerProperty)
   at Newtonsoft.Json.Serialization.JsonSerializerInternalWriter.SerializeList(JsonWriter writer, IEnumerable values, JsonArrayContract contract, JsonProperty member, JsonContainerContract collectionContract, JsonProperty containerProperty)
   at Newtonsoft.Json.Serialization.JsonSerializerInternalWriter.SerializeValue(JsonWriter writer, Object value, JsonContract valueContract, JsonProperty member, JsonContainerContract containerContract, JsonProperty containerProperty)
   at Newtonsoft.Json.Serialization.JsonSerializerInternalWriter.Serialize(JsonWriter jsonWriter, Object value, Type objectType)
   at Newtonsoft.Json.JsonSerializer.SerializeInternal(JsonWriter jsonWriter, Object value, Type objectType)
   at Newtonsoft.Json.JsonSerializer.Serialize(JsonWriter jsonWriter, Object value)
   at Microsoft.AspNetCore.Mvc.Formatters.NewtonsoftJsonOutputFormatter.WriteResponseBodyAsync(OutputFormatterWriteContext context, Encoding selectedEncoding)
   at Microsoft.AspNetCore.Mvc.Formatters.NewtonsoftJsonOutputFormatter.WriteResponseBodyAsync(OutputFormatterWriteContext context, Encoding selectedEncoding)
   at Microsoft.AspNetCore.Mvc.Formatters.NewtonsoftJsonOutputFormatter.WriteResponseBodyAsync(OutputFormatterWriteContext context, Encoding selectedEncoding)
   at Microsoft.AspNetCore.Mvc.Infrastructure.ResourceInvoker.<InvokeNextResultFilterAsync>g__Awaited|29_0[TFilter,TFilterAsync](ResourceInvoker invoker, Task lastTask, State next, Scope scope, Object state, Boolean isCompleted)
   at Microsoft.AspNetCore.Mvc.Infrastructure.ResourceInvoker.Rethrow(ResultExecutedContextSealed context)
   at Microsoft.AspNetCore.Mvc.Infrastructure.ResourceInvoker.ResultNext[TFilter,TFilterAsync](State& next, Scope& scope, Object& state, Boolean& isCompleted)
   at Microsoft.AspNetCore.Mvc.Infrastructure.ResourceInvoker.InvokeResultFilters()
--- End of stack trace from previous location where exception was thrown ---
   at Microsoft.AspNetCore.Mvc.Infrastructure.ResourceInvoker.<InvokeFilterPipelineAsync>g__Awaited|19_0(ResourceInvoker invoker, Task lastTask, State next, Scope scope, Object state, Boolean isCompleted)
   at Microsoft.AspNetCore.Mvc.Infrastructure.ResourceInvoker.<InvokeAsync>g__Awaited|17_0(ResourceInvoker invoker, Task task, IDisposable scope)
   at Microsoft.AspNetCore.Routing.EndpointMiddleware.<Invoke>g__AwaitRequestTask|6_0(Endpoint endpoint, Task requestTask, ILogger logger)
   at Microsoft.AspNetCore.Authorization.AuthorizationMiddleware.Invoke(HttpContext context)
   at Microsoft.AspNetCore.Authentication.AuthenticationMiddleware.Invoke(HttpContext context)
   at Microsoft.AspNetCore.Diagnostics.DeveloperExceptionPageMiddleware.Invoke(HttpContext context)
2020-09-05T20:09:03.0784583-03:00 80000031-0001-fe00-b63f-84710c7967bb [ERR] An unhandled exception has occurred while executing the request. (48a46595)
Newtonsoft.Json.JsonSerializationException: Self referencing loop detected with type 'System.Security.Claims.Claim'. Path '[0].Subject.Claims'.
   at Newtonsoft.Json.Serialization.JsonSerializerInternalWriter.CheckForCircularReference(JsonWriter writer, Object value, JsonProperty property, JsonContract contract, JsonContainerContract containerContract, JsonProperty containerProperty)
   at Newtonsoft.Json.Serialization.JsonSerializerInternalWriter.SerializeList(JsonWriter writer, IEnumerable values, JsonArrayContract contract, JsonProperty member, JsonContainerContract collectionContract, JsonProperty containerProperty)
   at Newtonsoft.Json.Serialization.JsonSerializerInternalWriter.SerializeValue(JsonWriter writer, Object value, JsonContract valueContract, JsonProperty member, JsonContainerContract containerContract, JsonProperty containerProperty)
   at Newtonsoft.Json.Serialization.JsonSerializerInternalWriter.SerializeObject(JsonWriter writer, Object value, JsonObjectContract contract, JsonProperty member, JsonContainerContract collectionContract, JsonProperty containerProperty)
   at Newtonsoft.Json.Serialization.JsonSerializerInternalWriter.SerializeValue(JsonWriter writer, Object value, JsonContract valueContract, JsonProperty member, JsonContainerContract containerContract, JsonProperty containerProperty)
   at Newtonsoft.Json.Serialization.JsonSerializerInternalWriter.SerializeObject(JsonWriter writer, Object value, JsonObjectContract contract, JsonProperty member, JsonContainerContract collectionContract, JsonProperty containerProperty)
   at Newtonsoft.Json.Serialization.JsonSerializerInternalWriter.SerializeValue(JsonWriter writer, Object value, JsonContract valueContract, JsonProperty member, JsonContainerContract containerContract, JsonProperty containerProperty)
   at Newtonsoft.Json.Serialization.JsonSerializerInternalWriter.SerializeList(JsonWriter writer, IEnumerable values, JsonArrayContract contract, JsonProperty member, JsonContainerContract collectionContract, JsonProperty containerProperty)
   at Newtonsoft.Json.Serialization.JsonSerializerInternalWriter.SerializeValue(JsonWriter writer, Object value, JsonContract valueContract, JsonProperty member, JsonContainerContract containerContract, JsonProperty containerProperty)
   at Newtonsoft.Json.Serialization.JsonSerializerInternalWriter.Serialize(JsonWriter jsonWriter, Object value, Type objectType)
   at Newtonsoft.Json.JsonSerializer.SerializeInternal(JsonWriter jsonWriter, Object value, Type objectType)
   at Newtonsoft.Json.JsonSerializer.Serialize(JsonWriter jsonWriter, Object value)
   at Microsoft.AspNetCore.Mvc.Formatters.NewtonsoftJsonOutputFormatter.WriteResponseBodyAsync(OutputFormatterWriteContext context, Encoding selectedEncoding)
   at Microsoft.AspNetCore.Mvc.Formatters.NewtonsoftJsonOutputFormatter.WriteResponseBodyAsync(OutputFormatterWriteContext context, Encoding selectedEncoding)
   at Microsoft.AspNetCore.Mvc.Formatters.NewtonsoftJsonOutputFormatter.WriteResponseBodyAsync(OutputFormatterWriteContext context, Encoding selectedEncoding)
   at Microsoft.AspNetCore.Mvc.Infrastructure.ResourceInvoker.<InvokeNextResultFilterAsync>g__Awaited|29_0[TFilter,TFilterAsync](ResourceInvoker invoker, Task lastTask, State next, Scope scope, Object state, Boolean isCompleted)
   at Microsoft.AspNetCore.Mvc.Infrastructure.ResourceInvoker.Rethrow(ResultExecutedContextSealed context)
   at Microsoft.AspNetCore.Mvc.Infrastructure.ResourceInvoker.ResultNext[TFilter,TFilterAsync](State& next, Scope& scope, Object& state, Boolean& isCompleted)
   at Microsoft.AspNetCore.Mvc.Infrastructure.ResourceInvoker.InvokeResultFilters()
--- End of stack trace from previous location where exception was thrown ---
   at Microsoft.AspNetCore.Mvc.Infrastructure.ResourceInvoker.<InvokeFilterPipelineAsync>g__Awaited|19_0(ResourceInvoker invoker, Task lastTask, State next, Scope scope, Object state, Boolean isCompleted)
   at Microsoft.AspNetCore.Mvc.Infrastructure.ResourceInvoker.<InvokeAsync>g__Awaited|17_0(ResourceInvoker invoker, Task task, IDisposable scope)
   at Microsoft.AspNetCore.Routing.EndpointMiddleware.<Invoke>g__AwaitRequestTask|6_0(Endpoint endpoint, Task requestTask, ILogger logger)
   at Microsoft.AspNetCore.Authorization.AuthorizationMiddleware.Invoke(HttpContext context)
   at Microsoft.AspNetCore.Authentication.AuthenticationMiddleware.Invoke(HttpContext context)
   at Microsoft.AspNetCore.Diagnostics.DeveloperExceptionPageMiddleware.Invoke(HttpContext context)
2020-09-05T20:09:21.9632042-03:00  [INF] Application started. Press Ctrl+C to shut down. (dcaefe54)
2020-09-05T20:09:21.9770252-03:00  [INF] Hosting environment: "Development" (c3307c92)
2020-09-05T20:09:21.9772088-03:00  [INF] Content root path: "F:\Projetos\Faculdade\Trabalho - middleware aal\middleware_autorization_authentication_auditing\middleware_autorization_authentication_auditing" (b5d60022)
2020-09-05T22:49:05.1691888-03:00  [INF] Application started. Press Ctrl+C to shut down. (dcaefe54)
2020-09-05T22:49:05.1878938-03:00  [INF] Hosting environment: "Development" (c3307c92)
2020-09-05T22:49:05.1880908-03:00  [INF] Content root path: "F:\Projetos\Faculdade\Trabalho - middleware aal\middleware_autorization_authentication_auditing\middleware_autorization_authentication_auditing" (b5d60022)
2020-09-05T22:50:12.5794605-03:00  [INF] Application started. Press Ctrl+C to shut down. (dcaefe54)
2020-09-05T22:50:12.5943168-03:00  [INF] Hosting environment: "Development" (c3307c92)
2020-09-05T22:50:12.5945856-03:00  [INF] Content root path: "F:\Projetos\Faculdade\Trabalho - middleware aal\middleware_autorization_authentication_auditing\middleware_autorization_authentication_auditing" (b5d60022)
2020-09-05T22:50:23.7446177-03:00 80000008-0004-fc00-b63f-84710c7967bb [ERR] Não foi possível recuperar usuário (e01b7d26)
System.AggregateException: One or more errors occurred. (IDX12401: Expires: '[PII is hidden. For more details, see https://aka.ms/IdentityModel/PII.]' must be after NotBefore: '[PII is hidden. For more details, see https://aka.ms/IdentityModel/PII.]'.)
 ---> System.ArgumentException: IDX12401: Expires: '[PII is hidden. For more details, see https://aka.ms/IdentityModel/PII.]' must be after NotBefore: '[PII is hidden. For more details, see https://aka.ms/IdentityModel/PII.]'.
   at System.IdentityModel.Tokens.Jwt.JwtPayload..ctor(String issuer, String audience, IEnumerable`1 claims, Nullable`1 notBefore, Nullable`1 expires, Nullable`1 issuedAt)
   at System.IdentityModel.Tokens.Jwt.JwtSecurityTokenHandler.CreateJwtSecurityTokenPrivate(String issuer, String audience, ClaimsIdentity subject, Nullable`1 notBefore, Nullable`1 expires, Nullable`1 issuedAt, SigningCredentials signingCredentials, EncryptingCredentials encryptingCredentials)
   at System.IdentityModel.Tokens.Jwt.JwtSecurityTokenHandler.CreateToken(SecurityTokenDescriptor tokenDescriptor)
   at middleware.Security.TokenService.GenerateToken(User user, Byte[] key, List`1 roles) in F:\Projetos\Faculdade\Trabalho - middleware aal\middleware_autorization_authentication_auditing\middleware_autorization_authentication_auditing\Security\TokenService.cs:line 26
   at middleware.Helpers.TokenHelper.TokenWithRolesClaims(User user, UserManager`1 userManager, RoleManager`1 roleManager, IConfiguration configuration) in F:\Projetos\Faculdade\Trabalho - middleware aal\middleware_autorization_authentication_auditing\middleware_autorization_authentication_auditing\Helpers\TokenHelper.cs:line 24
   --- End of inner exception stack trace ---
   at System.Threading.Tasks.Task.ThrowIfExceptional(Boolean includeTaskCanceledExceptions)
   at System.Threading.Tasks.Task`1.GetResultCore(Boolean waitCompletionNotification)
   at System.Threading.Tasks.Task`1.get_Result()
   at middleware.Controllers.AccountController.Authenticate(JObject login) in F:\Projetos\Faculdade\Trabalho - middleware aal\middleware_autorization_authentication_auditing\middleware_autorization_authentication_auditing\Controllers\AccountController.cs:line 46
2020-09-05T22:51:18.2631426-03:00  [INF] Application started. Press Ctrl+C to shut down. (dcaefe54)
2020-09-05T22:51:18.2800703-03:00  [INF] Hosting environment: "Development" (c3307c92)
2020-09-05T22:51:18.2803041-03:00  [INF] Content root path: "F:\Projetos\Faculdade\Trabalho - middleware aal\middleware_autorization_authentication_auditing\middleware_autorization_authentication_auditing" (b5d60022)
2020-09-05T22:51:31.9876371-03:00 80000002-0000-fb00-b63f-84710c7967bb [ERR] Não foi possível recuperar usuário (e01b7d26)
System.AggregateException: One or more errors occurred. (IDX12401: Expires: '[PII is hidden. For more details, see https://aka.ms/IdentityModel/PII.]' must be after NotBefore: '[PII is hidden. For more details, see https://aka.ms/IdentityModel/PII.]'.)
 ---> System.ArgumentException: IDX12401: Expires: '[PII is hidden. For more details, see https://aka.ms/IdentityModel/PII.]' must be after NotBefore: '[PII is hidden. For more details, see https://aka.ms/IdentityModel/PII.]'.
   at System.IdentityModel.Tokens.Jwt.JwtPayload..ctor(String issuer, String audience, IEnumerable`1 claims, Nullable`1 notBefore, Nullable`1 expires, Nullable`1 issuedAt)
   at System.IdentityModel.Tokens.Jwt.JwtSecurityTokenHandler.CreateJwtSecurityTokenPrivate(String issuer, String audience, ClaimsIdentity subject, Nullable`1 notBefore, Nullable`1 expires, Nullable`1 issuedAt, SigningCredentials signingCredentials, EncryptingCredentials encryptingCredentials)
   at System.IdentityModel.Tokens.Jwt.JwtSecurityTokenHandler.CreateToken(SecurityTokenDescriptor tokenDescriptor)
   at middleware.Security.TokenService.GenerateToken(User user, Byte[] key, List`1 roles) in F:\Projetos\Faculdade\Trabalho - middleware aal\middleware_autorization_authentication_auditing\middleware_autorization_authentication_auditing\Security\TokenService.cs:line 26
   at middleware.Helpers.TokenHelper.TokenWithRolesClaims(User user, UserManager`1 userManager, RoleManager`1 roleManager, IConfiguration configuration) in F:\Projetos\Faculdade\Trabalho - middleware aal\middleware_autorization_authentication_auditing\middleware_autorization_authentication_auditing\Helpers\TokenHelper.cs:line 28
   --- End of inner exception stack trace ---
   at System.Threading.Tasks.Task.ThrowIfExceptional(Boolean includeTaskCanceledExceptions)
   at System.Threading.Tasks.Task`1.GetResultCore(Boolean waitCompletionNotification)
   at System.Threading.Tasks.Task`1.get_Result()
   at middleware.Controllers.AccountController.Authenticate(JObject login) in F:\Projetos\Faculdade\Trabalho - middleware aal\middleware_autorization_authentication_auditing\middleware_autorization_authentication_auditing\Controllers\AccountController.cs:line 46
2020-09-05T22:52:22.7876364-03:00 80000003-0000-fb00-b63f-84710c7967bb [ERR] Não foi possível recuperar usuário (e01b7d26)
System.AggregateException: One or more errors occurred. (IDX12401: Expires: '[PII is hidden. For more details, see https://aka.ms/IdentityModel/PII.]' must be after NotBefore: '[PII is hidden. For more details, see https://aka.ms/IdentityModel/PII.]'.)
 ---> System.ArgumentException: IDX12401: Expires: '[PII is hidden. For more details, see https://aka.ms/IdentityModel/PII.]' must be after NotBefore: '[PII is hidden. For more details, see https://aka.ms/IdentityModel/PII.]'.
   at System.IdentityModel.Tokens.Jwt.JwtPayload..ctor(String issuer, String audience, IEnumerable`1 claims, Nullable`1 notBefore, Nullable`1 expires, Nullable`1 issuedAt)
   at System.IdentityModel.Tokens.Jwt.JwtSecurityTokenHandler.CreateJwtSecurityTokenPrivate(String issuer, String audience, ClaimsIdentity subject, Nullable`1 notBefore, Nullable`1 expires, Nullable`1 issuedAt, SigningCredentials signingCredentials, EncryptingCredentials encryptingCredentials)
   at System.IdentityModel.Tokens.Jwt.JwtSecurityTokenHandler.CreateToken(SecurityTokenDescriptor tokenDescriptor)
   at middleware.Security.TokenService.GenerateToken(User user, Byte[] key, List`1 roles) in F:\Projetos\Faculdade\Trabalho - middleware aal\middleware_autorization_authentication_auditing\middleware_autorization_authentication_auditing\Security\TokenService.cs:line 26
   at middleware.Helpers.TokenHelper.TokenWithRolesClaims(User user, UserManager`1 userManager, RoleManager`1 roleManager, IConfiguration configuration) in F:\Projetos\Faculdade\Trabalho - middleware aal\middleware_autorization_authentication_auditing\middleware_autorization_authentication_auditing\Helpers\TokenHelper.cs:line 28
   --- End of inner exception stack trace ---
   at System.Threading.Tasks.Task.ThrowIfExceptional(Boolean includeTaskCanceledExceptions)
   at System.Threading.Tasks.Task`1.GetResultCore(Boolean waitCompletionNotification)
   at System.Threading.Tasks.Task`1.get_Result()
   at middleware.Controllers.AccountController.Authenticate(JObject login) in F:\Projetos\Faculdade\Trabalho - middleware aal\middleware_autorization_authentication_auditing\middleware_autorization_authentication_auditing\Controllers\AccountController.cs:line 46
2020-09-05T22:52:49.8247616-03:00 80000004-0000-fb00-b63f-84710c7967bb [ERR] Não foi possível recuperar usuário (e01b7d26)
System.AggregateException: One or more errors occurred. (IDX12401: Expires: '[PII is hidden. For more details, see https://aka.ms/IdentityModel/PII.]' must be after NotBefore: '[PII is hidden. For more details, see https://aka.ms/IdentityModel/PII.]'.)
 ---> System.ArgumentException: IDX12401: Expires: '[PII is hidden. For more details, see https://aka.ms/IdentityModel/PII.]' must be after NotBefore: '[PII is hidden. For more details, see https://aka.ms/IdentityModel/PII.]'.
   at System.IdentityModel.Tokens.Jwt.JwtPayload..ctor(String issuer, String audience, IEnumerable`1 claims, Nullable`1 notBefore, Nullable`1 expires, Nullable`1 issuedAt)
   at System.IdentityModel.Tokens.Jwt.JwtSecurityTokenHandler.CreateJwtSecurityTokenPrivate(String issuer, String audience, ClaimsIdentity subject, Nullable`1 notBefore, Nullable`1 expires, Nullable`1 issuedAt, SigningCredentials signingCredentials, EncryptingCredentials encryptingCredentials)
   at System.IdentityModel.Tokens.Jwt.JwtSecurityTokenHandler.CreateToken(SecurityTokenDescriptor tokenDescriptor)
   at middleware.Security.TokenService.GenerateToken(User user, Byte[] key, List`1 roles) in F:\Projetos\Faculdade\Trabalho - middleware aal\middleware_autorization_authentication_auditing\middleware_autorization_authentication_auditing\Security\TokenService.cs:line 26
   at middleware.Helpers.TokenHelper.TokenWithRolesClaims(User user, UserManager`1 userManager, RoleManager`1 roleManager, IConfiguration configuration) in F:\Projetos\Faculdade\Trabalho - middleware aal\middleware_autorization_authentication_auditing\middleware_autorization_authentication_auditing\Helpers\TokenHelper.cs:line 28
   --- End of inner exception stack trace ---
   at System.Threading.Tasks.Task.ThrowIfExceptional(Boolean includeTaskCanceledExceptions)
   at System.Threading.Tasks.Task`1.GetResultCore(Boolean waitCompletionNotification)
   at System.Threading.Tasks.Task`1.get_Result()
   at middleware.Controllers.AccountController.Authenticate(JObject login) in F:\Projetos\Faculdade\Trabalho - middleware aal\middleware_autorization_authentication_auditing\middleware_autorization_authentication_auditing\Controllers\AccountController.cs:line 46
2020-09-05T22:53:46.1628128-03:00  [INF] Application started. Press Ctrl+C to shut down. (dcaefe54)
2020-09-05T22:53:46.1768028-03:00  [INF] Hosting environment: "Development" (c3307c92)
2020-09-05T22:53:46.1770538-03:00  [INF] Content root path: "F:\Projetos\Faculdade\Trabalho - middleware aal\middleware_autorization_authentication_auditing\middleware_autorization_authentication_auditing" (b5d60022)
2020-09-05T22:53:49.2715924-03:00 80000005-0003-ff00-b63f-84710c7967bb [INF] Usuário  gabriel2mm efetuou login ás 05/09/2020 22:53 (59349136)
2020-09-05T22:53:59.5136684-03:00 80000006-0003-ff00-b63f-84710c7967bb [INF] O Usuário gabriel2mm visualizou a lista de roles (32d6e215)
2020-09-05T22:54:47.7232222-03:00 80000009-0003-ff00-b63f-84710c7967bb [INF] O Usuário gabriel2mm visualizou a lista de roles (32d6e215)
2020-09-05T23:03:38.9481325-03:00  [INF] Application started. Press Ctrl+C to shut down. (dcaefe54)
2020-09-05T23:03:38.9613159-03:00  [INF] Hosting environment: "Development" (c3307c92)
2020-09-05T23:03:38.9614863-03:00  [INF] Content root path: "F:\Projetos\Faculdade\Trabalho - middleware aal\middleware_autorization_authentication_auditing\middleware_autorization_authentication_auditing" (b5d60022)
2020-09-05T23:03:45.8972676-03:00 8000000e-0006-fe00-b63f-84710c7967bb [ERR] Não foi possível recuperar usuário (e01b7d26)
System.AggregateException: One or more errors occurred. (IDX12401: Expires: '[PII is hidden. For more details, see https://aka.ms/IdentityModel/PII.]' must be after NotBefore: '[PII is hidden. For more details, see https://aka.ms/IdentityModel/PII.]'.)
 ---> System.ArgumentException: IDX12401: Expires: '[PII is hidden. For more details, see https://aka.ms/IdentityModel/PII.]' must be after NotBefore: '[PII is hidden. For more details, see https://aka.ms/IdentityModel/PII.]'.
   at System.IdentityModel.Tokens.Jwt.JwtPayload..ctor(String issuer, String audience, IEnumerable`1 claims, Nullable`1 notBefore, Nullable`1 expires, Nullable`1 issuedAt)
   at System.IdentityModel.Tokens.Jwt.JwtSecurityTokenHandler.CreateJwtSecurityTokenPrivate(String issuer, String audience, ClaimsIdentity subject, Nullable`1 notBefore, Nullable`1 expires, Nullable`1 issuedAt, SigningCredentials signingCredentials, EncryptingCredentials encryptingCredentials)
   at System.IdentityModel.Tokens.Jwt.JwtSecurityTokenHandler.CreateToken(SecurityTokenDescriptor tokenDescriptor)
   at middleware.Security.TokenService.GenerateToken(User user, Byte[] key, Dictionary`2 pairRoles) in F:\Projetos\Faculdade\Trabalho - middleware aal\middleware_autorization_authentication_auditing\middleware_autorization_authentication_auditing\Security\TokenService.cs:line 27
   at middleware.Helpers.TokenHelper.TokenWithRolesClaims(User user, UserManager`1 userManager, RoleManager`1 roleManager, IConfiguration configuration) in F:\Projetos\Faculdade\Trabalho - middleware aal\middleware_autorization_authentication_auditing\middleware_autorization_authentication_auditing\Helpers\TokenHelper.cs:line 30
   --- End of inner exception stack trace ---
   at System.Threading.Tasks.Task.ThrowIfExceptional(Boolean includeTaskCanceledExceptions)
   at System.Threading.Tasks.Task`1.GetResultCore(Boolean waitCompletionNotification)
   at System.Threading.Tasks.Task`1.get_Result()
   at middleware.Controllers.AccountController.Authenticate(JObject login) in F:\Projetos\Faculdade\Trabalho - middleware aal\middleware_autorization_authentication_auditing\middleware_autorization_authentication_auditing\Controllers\AccountController.cs:line 46
2020-09-05T23:03:57.8791769-03:00 8000000f-0006-fe00-b63f-84710c7967bb [ERR] Não foi possível recuperar usuário (e01b7d26)
System.AggregateException: One or more errors occurred. (IDX12401: Expires: '[PII is hidden. For more details, see https://aka.ms/IdentityModel/PII.]' must be after NotBefore: '[PII is hidden. For more details, see https://aka.ms/IdentityModel/PII.]'.)
 ---> System.ArgumentException: IDX12401: Expires: '[PII is hidden. For more details, see https://aka.ms/IdentityModel/PII.]' must be after NotBefore: '[PII is hidden. For more details, see https://aka.ms/IdentityModel/PII.]'.
   at System.IdentityModel.Tokens.Jwt.JwtPayload..ctor(String issuer, String audience, IEnumerable`1 claims, Nullable`1 notBefore, Nullable`1 expires, Nullable`1 issuedAt)
   at System.IdentityModel.Tokens.Jwt.JwtSecurityTokenHandler.CreateJwtSecurityTokenPrivate(String issuer, String audience, ClaimsIdentity subject, Nullable`1 notBefore, Nullable`1 expires, Nullable`1 issuedAt, SigningCredentials signingCredentials, EncryptingCredentials encryptingCredentials)
   at System.IdentityModel.Tokens.Jwt.JwtSecurityTokenHandler.CreateToken(SecurityTokenDescriptor tokenDescriptor)
   at middleware.Security.TokenService.GenerateToken(User user, Byte[] key, Dictionary`2 pairRoles) in F:\Projetos\Faculdade\Trabalho - middleware aal\middleware_autorization_authentication_auditing\middleware_autorization_authentication_auditing\Security\TokenService.cs:line 27
   at middleware.Helpers.TokenHelper.TokenWithRolesClaims(User user, UserManager`1 userManager, RoleManager`1 roleManager, IConfiguration configuration) in F:\Projetos\Faculdade\Trabalho - middleware aal\middleware_autorization_authentication_auditing\middleware_autorization_authentication_auditing\Helpers\TokenHelper.cs:line 30
   --- End of inner exception stack trace ---
   at System.Threading.Tasks.Task.ThrowIfExceptional(Boolean includeTaskCanceledExceptions)
   at System.Threading.Tasks.Task`1.GetResultCore(Boolean waitCompletionNotification)
   at System.Threading.Tasks.Task`1.get_Result()
   at middleware.Controllers.AccountController.Authenticate(JObject login) in F:\Projetos\Faculdade\Trabalho - middleware aal\middleware_autorization_authentication_auditing\middleware_autorization_authentication_auditing\Controllers\AccountController.cs:line 46
2020-09-05T23:04:12.8808208-03:00  [INF] Application started. Press Ctrl+C to shut down. (dcaefe54)
2020-09-05T23:04:12.8953507-03:00  [INF] Hosting environment: "Development" (c3307c92)
2020-09-05T23:04:12.8955612-03:00  [INF] Content root path: "F:\Projetos\Faculdade\Trabalho - middleware aal\middleware_autorization_authentication_auditing\middleware_autorization_authentication_auditing" (b5d60022)
2020-09-05T23:04:18.4646921-03:00 80000002-0000-f800-b63f-84710c7967bb [INF] Usuário  gabriel2mm efetuou login ás 05/09/2020 23:04 (81a86ddc)
2020-09-05T23:08:15.3437581-03:00  [INF] Application started. Press Ctrl+C to shut down. (dcaefe54)
2020-09-05T23:08:15.3575000-03:00  [INF] Hosting environment: "Development" (c3307c92)
2020-09-05T23:08:15.3577243-03:00  [INF] Content root path: "F:\Projetos\Faculdade\Trabalho - middleware aal\middleware_autorization_authentication_auditing\middleware_autorization_authentication_auditing" (b5d60022)
2020-09-05T23:08:16.1701672-03:00 80000006-0005-fe00-b63f-84710c7967bb [INF] type:http://schemas.xmlsoap.org/ws/2005/05/identity/claims/nameidentifier, value: 2d2784f9-b004-4d76-86fa-edf2b7806f84 (089499d8)
2020-09-05T23:08:16.1738125-03:00 80000006-0005-fe00-b63f-84710c7967bb [INF] type:http://schemas.xmlsoap.org/ws/2005/05/identity/claims/name, value: gabriel2mm (f3a3d88d)
2020-09-05T23:08:16.1738967-03:00 80000006-0005-fe00-b63f-84710c7967bb [INF] type:http://schemas.xmlsoap.org/ws/2005/05/identity/claims/emailaddress, value: gabriel_more@hotmail.com (c6ba1bf6)
2020-09-05T23:08:16.1739496-03:00 80000006-0005-fe00-b63f-84710c7967bb [INF] type:Login, value: gabriel2mm (801e1b78)
2020-09-05T23:08:16.1739915-03:00 80000006-0005-fe00-b63f-84710c7967bb [INF] type:jti, value: 79b931e5-5848-46e2-ae7b-1627fcacd3e4 (dee26c2e)
2020-09-05T23:08:16.1740392-03:00 80000006-0005-fe00-b63f-84710c7967bb [INF] type:nbf, value: 1599357858 (364d2cc3)
2020-09-05T23:08:16.1740905-03:00 80000006-0005-fe00-b63f-84710c7967bb [INF] type:exp, value: 1599361458 (f6657b90)
2020-09-05T23:08:16.1741275-03:00 80000006-0005-fe00-b63f-84710c7967bb [INF] type:iat, value: 1599357858 (4537aebb)
2020-09-05T23:08:16.1746759-03:00 80000006-0005-fe00-b63f-84710c7967bb [INF] O Usuário gabriel2mm visualizou a lista de usuários (f65e3adf)
2020-09-05T23:08:22.0491180-03:00 80000007-0005-fe00-b63f-84710c7967bb [INF] type:http://schemas.xmlsoap.org/ws/2005/05/identity/claims/nameidentifier, value: 2d2784f9-b004-4d76-86fa-edf2b7806f84 (089499d8)
2020-09-05T23:08:22.0494281-03:00 80000007-0005-fe00-b63f-84710c7967bb [INF] type:http://schemas.xmlsoap.org/ws/2005/05/identity/claims/name, value: gabriel2mm (f3a3d88d)
2020-09-05T23:08:22.0495324-03:00 80000007-0005-fe00-b63f-84710c7967bb [INF] type:http://schemas.xmlsoap.org/ws/2005/05/identity/claims/emailaddress, value: gabriel_more@hotmail.com (c6ba1bf6)
2020-09-05T23:08:22.0495667-03:00 80000007-0005-fe00-b63f-84710c7967bb [INF] type:Login, value: gabriel2mm (801e1b78)
2020-09-05T23:08:22.0496181-03:00 80000007-0005-fe00-b63f-84710c7967bb [INF] type:jti, value: 79b931e5-5848-46e2-ae7b-1627fcacd3e4 (dee26c2e)
2020-09-05T23:08:22.0496474-03:00 80000007-0005-fe00-b63f-84710c7967bb [INF] type:nbf, value: 1599357858 (364d2cc3)
2020-09-05T23:08:22.0496843-03:00 80000007-0005-fe00-b63f-84710c7967bb [INF] type:exp, value: 1599361458 (f6657b90)
2020-09-05T23:08:22.0497136-03:00 80000007-0005-fe00-b63f-84710c7967bb [INF] type:iat, value: 1599357858 (4537aebb)
2020-09-05T23:08:22.0497640-03:00 80000007-0005-fe00-b63f-84710c7967bb [INF] O Usuário gabriel2mm visualizou a lista de usuários (f65e3adf)
2020-09-05T23:09:30.9402139-03:00  [INF] Application started. Press Ctrl+C to shut down. (dcaefe54)
2020-09-05T23:09:30.9532437-03:00  [INF] Hosting environment: "Development" (c3307c92)
2020-09-05T23:09:30.9533791-03:00  [INF] Content root path: "F:\Projetos\Faculdade\Trabalho - middleware aal\middleware_autorization_authentication_auditing\middleware_autorization_authentication_auditing" (b5d60022)
2020-09-05T23:10:21.0207423-03:00 80000009-0005-fe00-b63f-84710c7967bb [INF] Usuário  gabriel2mm efetuou login ás 05/09/2020 23:10 (5da2b251)
2020-09-05T23:16:13.8801527-03:00  [INF] Application started. Press Ctrl+C to shut down. (dcaefe54)
2020-09-05T23:16:13.8944996-03:00  [INF] Hosting environment: "Development" (c3307c92)
2020-09-05T23:16:13.8947262-03:00  [INF] Content root path: "F:\Projetos\Faculdade\Trabalho - middleware aal\middleware_autorization_authentication_auditing\middleware_autorization_authentication_auditing" (b5d60022)
2020-09-05T23:16:57.6525225-03:00 80000004-0006-fb00-b63f-84710c7967bb [INF] type:http://schemas.xmlsoap.org/ws/2005/05/identity/claims/nameidentifier, value: 2d2784f9-b004-4d76-86fa-edf2b7806f84 (089499d8)
2020-09-05T23:16:57.6562384-03:00 80000004-0006-fb00-b63f-84710c7967bb [INF] type:http://schemas.xmlsoap.org/ws/2005/05/identity/claims/name, value: gabriel2mm (f3a3d88d)
2020-09-05T23:16:57.6563068-03:00 80000004-0006-fb00-b63f-84710c7967bb [INF] type:http://schemas.xmlsoap.org/ws/2005/05/identity/claims/emailaddress, value: gabriel_more@hotmail.com (c6ba1bf6)
2020-09-05T23:16:57.6563270-03:00 80000004-0006-fb00-b63f-84710c7967bb [INF] type:Login, value: gabriel2mm (801e1b78)
2020-09-05T23:16:57.6563556-03:00 80000004-0006-fb00-b63f-84710c7967bb [INF] type:jti, value: 79b931e5-5848-46e2-ae7b-1627fcacd3e4 (dee26c2e)
2020-09-05T23:16:57.6563737-03:00 80000004-0006-fb00-b63f-84710c7967bb [INF] type:nbf, value: 1599357858 (364d2cc3)
2020-09-05T23:16:57.6563907-03:00 80000004-0006-fb00-b63f-84710c7967bb [INF] type:exp, value: 1599361458 (f6657b90)
2020-09-05T23:16:57.6564151-03:00 80000004-0006-fb00-b63f-84710c7967bb [INF] type:iat, value: 1599357858 (4537aebb)
2020-09-05T23:16:57.6568543-03:00 80000004-0006-fb00-b63f-84710c7967bb [INF] O Usuário gabriel2mm visualizou a lista de usuários (f65e3adf)
2020-09-05T23:17:26.6547568-03:00 80000005-0006-fb00-b63f-84710c7967bb [INF] Usuário  gabriel2mm efetuou login ás 05/09/2020 23:17 (e97fca0d)
2020-09-05T23:17:35.7246069-03:00 80000006-0006-fb00-b63f-84710c7967bb [INF] type:http://schemas.xmlsoap.org/ws/2005/05/identity/claims/nameidentifier, value: 2d2784f9-b004-4d76-86fa-edf2b7806f84 (089499d8)
2020-09-05T23:17:35.7249679-03:00 80000006-0006-fb00-b63f-84710c7967bb [INF] type:http://schemas.xmlsoap.org/ws/2005/05/identity/claims/name, value: gabriel2mm (f3a3d88d)
2020-09-05T23:17:35.7250237-03:00 80000006-0006-fb00-b63f-84710c7967bb [INF] type:http://schemas.xmlsoap.org/ws/2005/05/identity/claims/emailaddress, value: gabriel_more@hotmail.com (c6ba1bf6)
2020-09-05T23:17:35.7250568-03:00 80000006-0006-fb00-b63f-84710c7967bb [INF] type:Login, value: gabriel2mm (801e1b78)
2020-09-05T23:17:35.7250978-03:00 80000006-0006-fb00-b63f-84710c7967bb [INF] type:jti, value: aa7e4fac-bb19-4c90-b42d-4c8a393bb5d3 (709de958)
2020-09-05T23:17:35.7251327-03:00 80000006-0006-fb00-b63f-84710c7967bb [INF] type:http://schemas.microsoft.com/ws/2008/06/identity/claims/role, value: Admin (686e1a9f)
2020-09-05T23:17:35.7251653-03:00 80000006-0006-fb00-b63f-84710c7967bb [INF] type:Permission.Users.View, value: Permission.Users.View (1b32bc8f)
2020-09-05T23:17:35.7252174-03:00 80000006-0006-fb00-b63f-84710c7967bb [INF] type:Permission.Users.Manager, value: Permission.Users.Manager (dfc52974)
2020-09-05T23:17:35.7252493-03:00 80000006-0006-fb00-b63f-84710c7967bb [INF] type:nbf, value: 1599358646 (6cccbdb5)
2020-09-05T23:17:35.7252894-03:00 80000006-0006-fb00-b63f-84710c7967bb [INF] type:exp, value: 1599362246 (7fe01af5)
2020-09-05T23:17:35.7253208-03:00 80000006-0006-fb00-b63f-84710c7967bb [INF] type:iat, value: 1599358646 (4d3d0e56)
2020-09-05T23:17:35.7253787-03:00 80000006-0006-fb00-b63f-84710c7967bb [INF] O Usuário gabriel2mm visualizou a lista de usuários (f65e3adf)
2020-09-05T23:18:28.3719586-03:00  [INF] Application started. Press Ctrl+C to shut down. (dcaefe54)
2020-09-05T23:18:28.3877789-03:00  [INF] Hosting environment: "Development" (c3307c92)
2020-09-05T23:18:28.3879932-03:00  [INF] Content root path: "F:\Projetos\Faculdade\Trabalho - middleware aal\middleware_autorization_authentication_auditing\middleware_autorization_authentication_auditing" (b5d60022)
2020-09-05T23:18:29.4588622-03:00 80000004-0002-fd00-b63f-84710c7967bb [INF] type:http://schemas.xmlsoap.org/ws/2005/05/identity/claims/nameidentifier, value: 2d2784f9-b004-4d76-86fa-edf2b7806f84 (089499d8)
2020-09-05T23:18:29.4626751-03:00 80000004-0002-fd00-b63f-84710c7967bb [INF] type:http://schemas.xmlsoap.org/ws/2005/05/identity/claims/name, value: gabriel2mm (f3a3d88d)
2020-09-05T23:18:29.4627388-03:00 80000004-0002-fd00-b63f-84710c7967bb [INF] type:http://schemas.xmlsoap.org/ws/2005/05/identity/claims/emailaddress, value: gabriel_more@hotmail.com (c6ba1bf6)
2020-09-05T23:18:29.4627593-03:00 80000004-0002-fd00-b63f-84710c7967bb [INF] type:Login, value: gabriel2mm (801e1b78)
2020-09-05T23:18:29.4627865-03:00 80000004-0002-fd00-b63f-84710c7967bb [INF] type:jti, value: aa7e4fac-bb19-4c90-b42d-4c8a393bb5d3 (709de958)
2020-09-05T23:18:29.4628049-03:00 80000004-0002-fd00-b63f-84710c7967bb [INF] type:http://schemas.microsoft.com/ws/2008/06/identity/claims/role, value: Admin (686e1a9f)
2020-09-05T23:18:29.4628401-03:00 80000004-0002-fd00-b63f-84710c7967bb [INF] type:Permission.Users.View, value: Permission.Users.View (1b32bc8f)
2020-09-05T23:18:29.4628611-03:00 80000004-0002-fd00-b63f-84710c7967bb [INF] type:Permission.Users.Manager, value: Permission.Users.Manager (dfc52974)
2020-09-05T23:18:29.4628907-03:00 80000004-0002-fd00-b63f-84710c7967bb [INF] type:nbf, value: 1599358646 (6cccbdb5)
2020-09-05T23:18:29.4629090-03:00 80000004-0002-fd00-b63f-84710c7967bb [INF] type:exp, value: 1599362246 (7fe01af5)
2020-09-05T23:18:29.4629297-03:00 80000004-0002-fd00-b63f-84710c7967bb [INF] type:iat, value: 1599358646 (4d3d0e56)
2020-09-05T23:18:29.4632556-03:00 80000004-0002-fd00-b63f-84710c7967bb [INF] O Usuário gabriel2mm visualizou a lista de usuários (f65e3adf)
2020-09-05T23:18:33.2121376-03:00 80000005-0002-fd00-b63f-84710c7967bb [INF] type:http://schemas.xmlsoap.org/ws/2005/05/identity/claims/nameidentifier, value: 2d2784f9-b004-4d76-86fa-edf2b7806f84 (089499d8)
2020-09-05T23:18:33.2123777-03:00 80000005-0002-fd00-b63f-84710c7967bb [INF] type:http://schemas.xmlsoap.org/ws/2005/05/identity/claims/name, value: gabriel2mm (f3a3d88d)
2020-09-05T23:18:33.2124141-03:00 80000005-0002-fd00-b63f-84710c7967bb [INF] type:http://schemas.xmlsoap.org/ws/2005/05/identity/claims/emailaddress, value: gabriel_more@hotmail.com (c6ba1bf6)
2020-09-05T23:18:33.2124348-03:00 80000005-0002-fd00-b63f-84710c7967bb [INF] type:Login, value: gabriel2mm (801e1b78)
2020-09-05T23:18:33.2124849-03:00 80000005-0002-fd00-b63f-84710c7967bb [INF] type:jti, value: aa7e4fac-bb19-4c90-b42d-4c8a393bb5d3 (709de958)
2020-09-05T23:18:33.2125382-03:00 80000005-0002-fd00-b63f-84710c7967bb [INF] type:http://schemas.microsoft.com/ws/2008/06/identity/claims/role, value: Admin (686e1a9f)
2020-09-05T23:18:33.2125907-03:00 80000005-0002-fd00-b63f-84710c7967bb [INF] type:Permission.Users.View, value: Permission.Users.View (1b32bc8f)
2020-09-05T23:18:33.2126450-03:00 80000005-0002-fd00-b63f-84710c7967bb [INF] type:Permission.Users.Manager, value: Permission.Users.Manager (dfc52974)
2020-09-05T23:18:33.2127039-03:00 80000005-0002-fd00-b63f-84710c7967bb [INF] type:nbf, value: 1599358646 (6cccbdb5)
2020-09-05T23:18:33.2127777-03:00 80000005-0002-fd00-b63f-84710c7967bb [INF] type:exp, value: 1599362246 (7fe01af5)
2020-09-05T23:18:33.2128338-03:00 80000005-0002-fd00-b63f-84710c7967bb [INF] type:iat, value: 1599358646 (4d3d0e56)
2020-09-05T23:18:33.2129039-03:00 80000005-0002-fd00-b63f-84710c7967bb [INF] O Usuário gabriel2mm visualizou a lista de usuários (f65e3adf)
2020-09-05T23:21:28.2486291-03:00  [INF] Application started. Press Ctrl+C to shut down. (dcaefe54)
2020-09-05T23:21:28.2626464-03:00  [INF] Hosting environment: "Development" (c3307c92)
2020-09-05T23:21:28.2628919-03:00  [INF] Content root path: "F:\Projetos\Faculdade\Trabalho - middleware aal\middleware_autorization_authentication_auditing\middleware_autorization_authentication_auditing" (b5d60022)
2020-09-05T23:21:41.5409131-03:00 80000008-0001-ff00-b63f-84710c7967bb [INF] Usuário  gabriel2mm efetuou login ás 05/09/2020 23:21 (f899d9d1)
2020-09-05T23:22:56.0193264-03:00 8000000b-0001-ff00-b63f-84710c7967bb [ERR] An unhandled exception has occurred while executing the request. (48a46595)
System.ArgumentNullException: Value cannot be null. (Parameter 'claim')
   at Microsoft.AspNetCore.Identity.EntityFrameworkCore.RoleStore`5.RemoveClaimAsync(TRole role, Claim claim, CancellationToken cancellationToken)
   at Microsoft.AspNetCore.Identity.RoleManager`1.RemoveClaimAsync(TRole role, Claim claim)
   at middleware.Controllers.RoleController.RemovePermission(String id, JObject json) in F:\Projetos\Faculdade\Trabalho - middleware aal\middleware_autorization_authentication_auditing\middleware_autorization_authentication_auditing\Controllers\RoleController.cs:line 140
   at Microsoft.AspNetCore.Mvc.Infrastructure.ActionMethodExecutor.TaskOfIActionResultExecutor.Execute(IActionResultTypeMapper mapper, ObjectMethodExecutor executor, Object controller, Object[] arguments)
   at Microsoft.AspNetCore.Mvc.Infrastructure.ControllerActionInvoker.<InvokeActionMethodAsync>g__Awaited|12_0(ControllerActionInvoker invoker, ValueTask`1 actionResultValueTask)
   at Microsoft.AspNetCore.Mvc.Infrastructure.ControllerActionInvoker.<InvokeNextActionFilterAsync>g__Awaited|10_0(ControllerActionInvoker invoker, Task lastTask, State next, Scope scope, Object state, Boolean isCompleted)
   at Microsoft.AspNetCore.Mvc.Infrastructure.ControllerActionInvoker.Rethrow(ActionExecutedContextSealed context)
   at Microsoft.AspNetCore.Mvc.Infrastructure.ControllerActionInvoker.Next(State& next, Scope& scope, Object& state, Boolean& isCompleted)
   at Microsoft.AspNetCore.Mvc.Infrastructure.ControllerActionInvoker.<InvokeInnerFilterAsync>g__Awaited|13_0(ControllerActionInvoker invoker, Task lastTask, State next, Scope scope, Object state, Boolean isCompleted)
   at Microsoft.AspNetCore.Mvc.Infrastructure.ResourceInvoker.<InvokeFilterPipelineAsync>g__Awaited|19_0(ResourceInvoker invoker, Task lastTask, State next, Scope scope, Object state, Boolean isCompleted)
   at Microsoft.AspNetCore.Mvc.Infrastructure.ResourceInvoker.<InvokeAsync>g__Awaited|17_0(ResourceInvoker invoker, Task task, IDisposable scope)
   at Microsoft.AspNetCore.Routing.EndpointMiddleware.<Invoke>g__AwaitRequestTask|6_0(Endpoint endpoint, Task requestTask, ILogger logger)
   at Microsoft.AspNetCore.Authorization.AuthorizationMiddleware.Invoke(HttpContext context)
   at Microsoft.AspNetCore.Authentication.AuthenticationMiddleware.Invoke(HttpContext context)
   at Microsoft.AspNetCore.Diagnostics.DeveloperExceptionPageMiddleware.Invoke(HttpContext context)
2020-09-05T23:24:16.0501294-03:00  [INF] Application started. Press Ctrl+C to shut down. (dcaefe54)
2020-09-05T23:24:16.0669692-03:00  [INF] Hosting environment: "Development" (c3307c92)
2020-09-05T23:24:16.0671560-03:00  [INF] Content root path: "F:\Projetos\Faculdade\Trabalho - middleware aal\middleware_autorization_authentication_auditing\middleware_autorization_authentication_auditing" (b5d60022)
2020-09-05T23:24:28.0412451-03:00 8000000e-0002-ff00-b63f-84710c7967bb [INF] Usuário  gabriel2mm efetuou login ás 05/09/2020 23:24 (dee5a669)
2020-09-05T23:24:39.0503761-03:00 80000010-0002-ff00-b63f-84710c7967bb [INF] O Usuário gabriel2mm visualizou a lista de usuários (f65e3adf)
2020-09-05T23:42:23.3325659-03:00  [INF] Application started. Press Ctrl+C to shut down. (dcaefe54)
2020-09-05T23:42:23.3461992-03:00  [INF] Hosting environment: "Development" (c3307c92)
2020-09-05T23:42:23.3463777-03:00  [INF] Content root path: "F:\Projetos\Faculdade\Trabalho - middleware aal\middleware_autorization_authentication_auditing\middleware_autorization_authentication_auditing" (b5d60022)
2020-09-05T23:42:40.2100140-03:00 80000013-0004-fc00-b63f-84710c7967bb [INF] Usuário  gabriel2mm efetuou login ás 05/09/2020 23:42 (514491b9)
2020-09-05T23:44:00.8826401-03:00  [INF] Application started. Press Ctrl+C to shut down. (dcaefe54)
2020-09-05T23:44:00.8956163-03:00  [INF] Hosting environment: "Development" (c3307c92)
2020-09-05T23:44:00.8958334-03:00  [INF] Content root path: "F:\Projetos\Faculdade\Trabalho - middleware aal\middleware_autorization_authentication_auditing\middleware_autorization_authentication_auditing" (b5d60022)
2020-09-05T23:44:28.0044733-03:00 80000014-0003-ff00-b63f-84710c7967bb [INF] Usuário  gabriel2mm efetuou login ás 05/09/2020 23:44 (7daa6a84)
2020-09-05T23:44:36.2708169-03:00 80000015-0003-ff00-b63f-84710c7967bb [INF] O Usuário gabriel2mm visualizou a lista de usuários (f65e3adf)
2020-09-05T23:45:10.6302679-03:00 80000016-0003-ff00-b63f-84710c7967bb [ERR] An unhandled exception has occurred while executing the request. (48a46595)
System.ArgumentNullException: Value cannot be null. (Parameter 'claim')
   at Microsoft.AspNetCore.Identity.EntityFrameworkCore.RoleStore`5.RemoveClaimAsync(TRole role, Claim claim, CancellationToken cancellationToken)
   at Microsoft.AspNetCore.Identity.RoleManager`1.RemoveClaimAsync(TRole role, Claim claim)
   at middleware.Controllers.RoleController.RemovePermission(String id, JObject json) in F:\Projetos\Faculdade\Trabalho - middleware aal\middleware_autorization_authentication_auditing\middleware_autorization_authentication_auditing\Controllers\RoleController.cs:line 148
   at Microsoft.AspNetCore.Mvc.Infrastructure.ActionMethodExecutor.TaskOfIActionResultExecutor.Execute(IActionResultTypeMapper mapper, ObjectMethodExecutor executor, Object controller, Object[] arguments)
   at Microsoft.AspNetCore.Mvc.Infrastructure.ControllerActionInvoker.<InvokeActionMethodAsync>g__Awaited|12_0(ControllerActionInvoker invoker, ValueTask`1 actionResultValueTask)
   at Microsoft.AspNetCore.Mvc.Infrastructure.ControllerActionInvoker.<InvokeNextActionFilterAsync>g__Awaited|10_0(ControllerActionInvoker invoker, Task lastTask, State next, Scope scope, Object state, Boolean isCompleted)
   at Microsoft.AspNetCore.Mvc.Infrastructure.ControllerActionInvoker.Rethrow(ActionExecutedContextSealed context)
   at Microsoft.AspNetCore.Mvc.Infrastructure.ControllerActionInvoker.Next(State& next, Scope& scope, Object& state, Boolean& isCompleted)
   at Microsoft.AspNetCore.Mvc.Infrastructure.ControllerActionInvoker.<InvokeInnerFilterAsync>g__Awaited|13_0(ControllerActionInvoker invoker, Task lastTask, State next, Scope scope, Object state, Boolean isCompleted)
   at Microsoft.AspNetCore.Mvc.Infrastructure.ResourceInvoker.<InvokeFilterPipelineAsync>g__Awaited|19_0(ResourceInvoker invoker, Task lastTask, State next, Scope scope, Object state, Boolean isCompleted)
   at Microsoft.AspNetCore.Mvc.Infrastructure.ResourceInvoker.<InvokeAsync>g__Awaited|17_0(ResourceInvoker invoker, Task task, IDisposable scope)
   at Microsoft.AspNetCore.Routing.EndpointMiddleware.<Invoke>g__AwaitRequestTask|6_0(Endpoint endpoint, Task requestTask, ILogger logger)
   at Microsoft.AspNetCore.Authorization.AuthorizationMiddleware.Invoke(HttpContext context)
   at Microsoft.AspNetCore.Authentication.AuthenticationMiddleware.Invoke(HttpContext context)
   at Microsoft.AspNetCore.Diagnostics.DeveloperExceptionPageMiddleware.Invoke(HttpContext context)
2020-09-05T23:47:42.8553207-03:00  [INF] Application started. Press Ctrl+C to shut down. (dcaefe54)
2020-09-05T23:47:42.8702495-03:00  [INF] Hosting environment: "Development" (c3307c92)
2020-09-05T23:47:42.8705340-03:00  [INF] Content root path: "F:\Projetos\Faculdade\Trabalho - middleware aal\middleware_autorization_authentication_auditing\middleware_autorization_authentication_auditing" (b5d60022)
2020-09-05T23:47:47.6201279-03:00 8000000e-0005-fe00-b63f-84710c7967bb [INF] Usuário  gabriel2mm efetuou login ás 05/09/2020 23:47 (d31e1566)
2020-09-05T23:47:58.7058710-03:00 8000000f-0005-fe00-b63f-84710c7967bb [INF] O Usuário gabriel2mm visualizou a lista de usuários (f65e3adf)
2020-09-05T23:48:09.7540028-03:00 80000010-0005-fe00-b63f-84710c7967bb [INF] O Usuário gabriel2mm visualizou a lista de roles (32d6e215)
2020-09-05T23:50:56.6321547-03:00 80000013-0005-fe00-b63f-84710c7967bb [ERR] An unhandled exception has occurred while executing the request. (48a46595)
System.ArgumentException: An item with the same key has already been added. Key: Permission.Users.View
   at System.Collections.Generic.Dictionary`2.TryInsert(TKey key, TValue value, InsertionBehavior behavior)
   at System.Collections.Generic.Dictionary`2.Add(TKey key, TValue value)
   at middleware.Controllers.AccountController.UserClaims() in F:\Projetos\Faculdade\Trabalho - middleware aal\middleware_autorization_authentication_auditing\middleware_autorization_authentication_auditing\Controllers\AccountController.cs:line 72
   at lambda_method(Closure , Object , Object[] )
   at Microsoft.Extensions.Internal.ObjectMethodExecutor.Execute(Object target, Object[] parameters)
   at Microsoft.AspNetCore.Mvc.Infrastructure.ActionMethodExecutor.SyncActionResultExecutor.Execute(IActionResultTypeMapper mapper, ObjectMethodExecutor executor, Object controller, Object[] arguments)
   at Microsoft.AspNetCore.Mvc.Infrastructure.ControllerActionInvoker.InvokeActionMethodAsync()
   at Microsoft.AspNetCore.Mvc.Infrastructure.ControllerActionInvoker.Next(State& next, Scope& scope, Object& state, Boolean& isCompleted)
   at Microsoft.AspNetCore.Mvc.Infrastructure.ControllerActionInvoker.InvokeNextActionFilterAsync()
--- End of stack trace from previous location where exception was thrown ---
   at Microsoft.AspNetCore.Mvc.Infrastructure.ControllerActionInvoker.Rethrow(ActionExecutedContextSealed context)
   at Microsoft.AspNetCore.Mvc.Infrastructure.ControllerActionInvoker.Next(State& next, Scope& scope, Object& state, Boolean& isCompleted)
   at Microsoft.AspNetCore.Mvc.Infrastructure.ControllerActionInvoker.InvokeInnerFilterAsync()
--- End of stack trace from previous location where exception was thrown ---
   at Microsoft.AspNetCore.Mvc.Infrastructure.ResourceInvoker.<InvokeFilterPipelineAsync>g__Awaited|19_0(ResourceInvoker invoker, Task lastTask, State next, Scope scope, Object state, Boolean isCompleted)
   at Microsoft.AspNetCore.Mvc.Infrastructure.ResourceInvoker.<InvokeAsync>g__Awaited|17_0(ResourceInvoker invoker, Task task, IDisposable scope)
   at Microsoft.AspNetCore.Routing.EndpointMiddleware.<Invoke>g__AwaitRequestTask|6_0(Endpoint endpoint, Task requestTask, ILogger logger)
   at Microsoft.AspNetCore.Authorization.AuthorizationMiddleware.Invoke(HttpContext context)
   at Microsoft.AspNetCore.Authentication.AuthenticationMiddleware.Invoke(HttpContext context)
   at Microsoft.AspNetCore.Diagnostics.DeveloperExceptionPageMiddleware.Invoke(HttpContext context)
2020-09-05T23:51:44.4066405-03:00  [INF] Application started. Press Ctrl+C to shut down. (dcaefe54)
2020-09-05T23:51:44.4195679-03:00  [INF] Hosting environment: "Development" (c3307c92)
2020-09-05T23:51:44.4198612-03:00  [INF] Content root path: "F:\Projetos\Faculdade\Trabalho - middleware aal\middleware_autorization_authentication_auditing\middleware_autorization_authentication_auditing" (b5d60022)
2020-09-05T23:52:18.0541637-03:00 80000009-0005-ff00-b63f-84710c7967bb [INF] Usuário  gabriel2mm efetuou login ás 05/09/2020 23:52 (5768983d)
2020-09-05T23:53:03.9878428-03:00 8000000b-0005-ff00-b63f-84710c7967bb [INF] Usuário  gabriel2mm efetuou login ás 05/09/2020 23:53 (80c76afa)
2020-09-05T23:53:44.3728035-03:00 8000000e-0005-ff00-b63f-84710c7967bb [INF] Usuário  gabriel2mm efetuou login ás 05/09/2020 23:53 (80c76afa)
2020-09-05T23:54:02.6752540-03:00 80000011-0005-ff00-b63f-84710c7967bb [INF] O Usuário gabriel2mm visualizou a lista de usuários (f65e3adf)
2020-09-05T23:54:43.6843878-03:00 80000013-0005-ff00-b63f-84710c7967bb [INF] Usuário  gabriel2mm efetuou login ás 05/09/2020 23:54 (72eccf45)
2020-09-05T23:54:52.2383676-03:00 80000014-0005-ff00-b63f-84710c7967bb [INF] O Usuário gabriel2mm visualizou a lista de roles (32d6e215)
2020-09-05T23:54:54.6649526-03:00 80000015-0005-ff00-b63f-84710c7967bb [INF] O Usuário gabriel2mm visualizou a lista de usuários (f65e3adf)
