2020-09-07T23:20:32.5295400-03:00  [INF] Application started. Press Ctrl+C to shut down. (dcaefe54)
2020-09-07T23:20:32.5608526-03:00  [INF] Hosting environment: "Development" (c3307c92)
2020-09-07T23:20:32.5610551-03:00  [INF] Content root path: "F:\Projetos\Faculdade\Trabalho - middleware aal\middleware_autorization_authentication_auditing\middleware_autorization_authentication_auditing" (b5d60022)
2020-09-07T23:22:08.2910850-03:00 80000029-0003-ff00-b63f-84710c7967bb [INF] Usuário  gabriel2mm efetuou login ás 07/09/2020 23:22 (2b5cbb5e)
2020-09-07T23:22:21.4196482-03:00 8000002a-0003-ff00-b63f-84710c7967bb [INF] O Usuário gabriel2mm visualizou a lista de usuários (f65e3adf)
2020-09-07T23:23:44.6718734-03:00 8000002d-0003-ff00-b63f-84710c7967bb [INF] O Usuário teste foi registrado na data 07/09/2020 23:23 (e22a95ce)
2020-09-07T23:23:52.9433012-03:00 8000002e-0003-ff00-b63f-84710c7967bb [INF] O Usuário gabriel2mm visualizou a lista de usuários (f65e3adf)
2020-09-07T23:24:06.0282327-03:00 8000002f-0003-ff00-b63f-84710c7967bb [INF] Usuário  teste efetuou login ás 07/09/2020 23:24 (7d1e864d)
2020-09-07T23:44:22.9991216-03:00  [INF] Application started. Press Ctrl+C to shut down. (dcaefe54)
2020-09-07T23:44:23.0065013-03:00  [INF] Hosting environment: "Development" (c3307c92)
2020-09-07T23:44:23.0067290-03:00  [INF] Content root path: "F:\Projetos\Faculdade\Trabalho - middleware aal\middleware_autorization_authentication_auditing\middleware_autorization_authentication_auditing" (b5d60022)
2020-09-07T23:44:58.2468587-03:00  [INF] Application started. Press Ctrl+C to shut down. (dcaefe54)
2020-09-07T23:44:58.2567695-03:00  [INF] Hosting environment: "Development" (c3307c92)
2020-09-07T23:44:58.2569457-03:00  [INF] Content root path: "F:\Projetos\Faculdade\Trabalho - middleware aal\middleware_autorization_authentication_auditing\middleware_autorization_authentication_auditing" (b5d60022)
2020-09-07T23:48:04.1292377-03:00  [INF] Application started. Press Ctrl+C to shut down. (dcaefe54)
2020-09-07T23:48:04.1375997-03:00  [INF] Hosting environment: "Development" (c3307c92)
2020-09-07T23:48:04.1378436-03:00  [INF] Content root path: "F:\Projetos\Faculdade\Trabalho - middleware aal\middleware_autorization_authentication_auditing\middleware_autorization_authentication_auditing" (b5d60022)
2020-09-07T23:48:35.2626733-03:00  [INF] Application started. Press Ctrl+C to shut down. (dcaefe54)
2020-09-07T23:48:35.2706259-03:00  [INF] Hosting environment: "Development" (c3307c92)
2020-09-07T23:48:35.2708146-03:00  [INF] Content root path: "F:\Projetos\Faculdade\Trabalho - middleware aal\middleware_autorization_authentication_auditing\middleware_autorization_authentication_auditing" (b5d60022)
2020-09-07T23:53:28.2443767-03:00  [INF] Application started. Press Ctrl+C to shut down. (dcaefe54)
2020-09-07T23:53:28.2520600-03:00  [INF] Hosting environment: "Development" (c3307c92)
2020-09-07T23:53:28.2522481-03:00  [INF] Content root path: "F:\Projetos\Faculdade\Trabalho - middleware aal\middleware_autorization_authentication_auditing\middleware_autorization_authentication_auditing" (b5d60022)
2020-09-07T23:57:31.1467464-03:00  [INF] Application started. Press Ctrl+C to shut down. (dcaefe54)
2020-09-07T23:57:31.1558043-03:00  [INF] Hosting environment: "Development" (c3307c92)
2020-09-07T23:57:31.1560694-03:00  [INF] Content root path: "F:\Projetos\Faculdade\Trabalho - middleware aal\middleware_autorization_authentication_auditing\middleware_autorization_authentication_auditing" (b5d60022)
