2020-09-05T18:19:13.7221387-03:00  [INF] Application started. Press Ctrl+C to shut down. (dcaefe54)
2020-09-05T18:19:13.7401230-03:00  [INF] Hosting environment: "Development" (c3307c92)
2020-09-05T18:19:13.7404204-03:00  [INF] Content root path: "F:\Projetos\Faculdade\Trabalho - middleware aal\middleware_autorization_authentication_auditing\middleware_autorization_authentication_auditing" (b5d60022)
2020-09-05T18:19:19.9279813-03:00 80000134-0004-fc00-b63f-84710c7967bb [ERR] An unhandled exception has occurred while executing the request. (48a46595)
System.InvalidOperationException: Unable to resolve service for type 'middleware.Respositories.UserRepository' while attempting to activate 'middleware_autorization_authentication_auditing.Controllers.UserController'.
   at Microsoft.Extensions.DependencyInjection.ActivatorUtilities.GetService(IServiceProvider sp, Type type, Type requiredBy, Boolean isDefaultParameterRequired)
   at lambda_method(Closure , IServiceProvider , Object[] )
   at Microsoft.AspNetCore.Mvc.Controllers.ControllerActivatorProvider.<>c__DisplayClass4_0.<CreateActivator>b__0(ControllerContext controllerContext)
   at Microsoft.AspNetCore.Mvc.Controllers.ControllerFactoryProvider.<>c__DisplayClass5_0.<CreateControllerFactory>g__CreateController|0(ControllerContext controllerContext)
   at Microsoft.AspNetCore.Mvc.Infrastructure.ControllerActionInvoker.Next(State& next, Scope& scope, Object& state, Boolean& isCompleted)
   at Microsoft.AspNetCore.Mvc.Infrastructure.ControllerActionInvoker.InvokeInnerFilterAsync()
--- End of stack trace from previous location where exception was thrown ---
   at Microsoft.AspNetCore.Mvc.Infrastructure.ResourceInvoker.<InvokeFilterPipelineAsync>g__Awaited|19_0(ResourceInvoker invoker, Task lastTask, State next, Scope scope, Object state, Boolean isCompleted)
   at Microsoft.AspNetCore.Mvc.Infrastructure.ResourceInvoker.<InvokeAsync>g__Awaited|17_0(ResourceInvoker invoker, Task task, IDisposable scope)
   at Microsoft.AspNetCore.Routing.EndpointMiddleware.<Invoke>g__AwaitRequestTask|6_0(Endpoint endpoint, Task requestTask, ILogger logger)
   at Microsoft.AspNetCore.Authorization.AuthorizationMiddleware.Invoke(HttpContext context)
   at Microsoft.AspNetCore.Authentication.AuthenticationMiddleware.Invoke(HttpContext context)
   at Microsoft.AspNetCore.Diagnostics.DeveloperExceptionPageMiddleware.Invoke(HttpContext context)
2020-09-05T18:22:02.8318226-03:00  [INF] Application started. Press Ctrl+C to shut down. (dcaefe54)
2020-09-05T18:22:02.8488537-03:00  [INF] Hosting environment: "Development" (c3307c92)
2020-09-05T18:22:02.8490953-03:00  [INF] Content root path: "F:\Projetos\Faculdade\Trabalho - middleware aal\middleware_autorization_authentication_auditing\middleware_autorization_authentication_auditing" (b5d60022)
2020-09-05T18:22:35.4809019-03:00  [INF] Application started. Press Ctrl+C to shut down. (dcaefe54)
2020-09-05T18:22:35.4938992-03:00  [INF] Hosting environment: "Development" (c3307c92)
2020-09-05T18:22:35.4940893-03:00  [INF] Content root path: "F:\Projetos\Faculdade\Trabalho - middleware aal\middleware_autorization_authentication_auditing\middleware_autorization_authentication_auditing" (b5d60022)
2020-09-05T18:22:53.8571630-03:00 80000014-0000-fc00-b63f-84710c7967bb [INF] Usuário  gabriel2mm efetuou login ás 05/09/2020 21:22 (181a8f2a)
2020-09-05T18:23:07.5375886-03:00 80000015-0000-fc00-b63f-84710c7967bb [INF] O Usuário gabriel2mm visualizou a lista de usuários (f65e3adf)
2020-09-05T18:24:22.8431963-03:00  [INF] Application started. Press Ctrl+C to shut down. (dcaefe54)
2020-09-05T18:24:22.8568668-03:00  [INF] Hosting environment: "Development" (c3307c92)
2020-09-05T18:24:22.8570440-03:00  [INF] Content root path: "F:\Projetos\Faculdade\Trabalho - middleware aal\middleware_autorization_authentication_auditing\middleware_autorization_authentication_auditing" (b5d60022)
2020-09-05T18:24:27.9412765-03:00 800000d0-0005-fd00-b63f-84710c7967bb [INF] Usuário  gabriel2mm efetuou login ás 05/09/2020 18:24 (f65a035b)
2020-09-05T18:24:35.1496393-03:00 800000d1-0005-fd00-b63f-84710c7967bb [INF] O Usuário gabriel2mm visualizou a lista de usuários (f65e3adf)
2020-09-05T18:24:53.6131952-03:00 800000d2-0005-fd00-b63f-84710c7967bb [INF] O Usuário gabriel2mm visualizou o Usuário gabriel2mm (4d52ac30)
2020-09-05T18:27:25.1447257-03:00 800000d5-0005-fd00-b63f-84710c7967bb [INF] O Usuário gabriel2mm atualizou o usuário gabriel2mm (3b02c5a5)
2020-09-05T18:27:31.5196613-03:00 800000d6-0005-fd00-b63f-84710c7967bb [INF] O Usuário gabriel2mm atualizou o usuário gabriel2mm (3b02c5a5)
2020-09-05T18:37:11.9420620-03:00  [INF] Application started. Press Ctrl+C to shut down. (dcaefe54)
2020-09-05T18:37:11.9543150-03:00  [INF] Hosting environment: "Development" (c3307c92)
2020-09-05T18:37:11.9544409-03:00  [INF] Content root path: "F:\Projetos\Faculdade\Trabalho - middleware aal\middleware_autorization_authentication_auditing\middleware_autorization_authentication_auditing" (b5d60022)
2020-09-05T18:37:17.5795226-03:00 800001a6-0006-ff00-b63f-84710c7967bb [INF] O Usuário gabriel2mm visualizou a lista de usuários (f65e3adf)
2020-09-05T18:37:28.8011853-03:00 800001a7-0006-ff00-b63f-84710c7967bb [INF] O Usuário gabriel2mm deletou o usuário teste (7a6204ad)
2020-09-05T18:37:34.6114728-03:00 800001a8-0006-ff00-b63f-84710c7967bb [INF] O Usuário gabriel2mm visualizou a lista de usuários (f65e3adf)
2020-09-05T18:38:12.6339995-03:00 800001a9-0006-ff00-b63f-84710c7967bb [WRN] User "2d2784f9-b004-4d76-86fa-edf2b7806f84" password validation failed: "PasswordRequiresNonAlphanumeric;PasswordRequiresUpper". (2f223212)
2020-09-05T18:38:12.6351628-03:00 800001a9-0006-ff00-b63f-84710c7967bb [ERR] Erro ao alterar senha do usuário gabriel2mm (55d021be)
2020-09-05T18:39:04.5698779-03:00  [INF] Application started. Press Ctrl+C to shut down. (dcaefe54)
2020-09-05T18:39:04.5839271-03:00  [INF] Hosting environment: "Development" (c3307c92)
2020-09-05T18:39:04.5841253-03:00  [INF] Content root path: "F:\Projetos\Faculdade\Trabalho - middleware aal\middleware_autorization_authentication_auditing\middleware_autorization_authentication_auditing" (b5d60022)
2020-09-05T18:39:11.2984269-03:00 80000146-0001-ff00-b63f-84710c7967bb [INF] O Usuário "gabriel2mm" trocou a senha do usuário "gabriel2mm" (f76669c8)
2020-09-05T18:39:53.5262403-03:00 8000014c-0001-ff00-b63f-84710c7967bb [WRN] Change password failed for user "2d2784f9-b004-4d76-86fa-edf2b7806f84". (4e3cf999)
2020-09-05T18:39:53.5302651-03:00 8000014c-0001-ff00-b63f-84710c7967bb [ERR] Erro ao alterar senha do usuário gabriel2mm (55d021be)
2020-09-05T18:40:20.3751568-03:00 8000014d-0001-ff00-b63f-84710c7967bb [WRN] Change password failed for user "2d2784f9-b004-4d76-86fa-edf2b7806f84". (4e3cf999)
2020-09-05T18:40:46.7976396-03:00 8000014d-0001-ff00-b63f-84710c7967bb [ERR] Erro ao alterar senha do usuário gabriel2mm (55d021be)
2020-09-05T18:41:02.6267919-03:00 8000014e-0001-ff00-b63f-84710c7967bb [INF] O Usuário "gabriel2mm" trocou a senha do usuário "gabriel2mm" (f76669c8)
2020-09-05T18:42:20.0164954-03:00  [INF] Application started. Press Ctrl+C to shut down. (dcaefe54)
2020-09-05T18:42:20.0311106-03:00  [INF] Hosting environment: "Development" (c3307c92)
2020-09-05T18:42:20.0313001-03:00  [INF] Content root path: "F:\Projetos\Faculdade\Trabalho - middleware aal\middleware_autorization_authentication_auditing\middleware_autorization_authentication_auditing" (b5d60022)
2020-09-05T18:44:22.8556993-03:00 8000012c-0004-fd00-b63f-84710c7967bb [WRN] Change password failed for user "2d2784f9-b004-4d76-86fa-edf2b7806f84". (4e3cf999)
2020-09-05T18:44:22.8615761-03:00 8000012c-0004-fd00-b63f-84710c7967bb [ERR] Erro ao alterar senha do usuário gabriel2mm (55d021be)
2020-09-05T18:44:27.4164596-03:00 8000012d-0004-fd00-b63f-84710c7967bb [INF] O Usuário "gabriel2mm" trocou a senha do usuário "gabriel2mm" (f76669c8)
2020-09-05T18:44:45.4480944-03:00 80000132-0004-fd00-b63f-84710c7967bb [INF] O Usuário "gabriel2mm" trocou a senha do usuário "gabriel2mm" (f76669c8)
2020-09-05T18:49:31.8270893-03:00  [INF] Application started. Press Ctrl+C to shut down. (dcaefe54)
2020-09-05T18:49:31.8422621-03:00  [INF] Hosting environment: "Development" (c3307c92)
2020-09-05T18:49:31.8424263-03:00  [INF] Content root path: "F:\Projetos\Faculdade\Trabalho - middleware aal\middleware_autorization_authentication_auditing\middleware_autorization_authentication_auditing" (b5d60022)
2020-09-05T18:50:10.8685707-03:00 80000156-0001-ff00-b63f-84710c7967bb [INF] O Usuário "gabriel2mm" trocou a senha do usuário "gabriel2mm" (f76669c8)
2020-09-05T18:52:24.6164059-03:00  [INF] Application started. Press Ctrl+C to shut down. (dcaefe54)
2020-09-05T18:52:24.6329176-03:00  [INF] Hosting environment: "Development" (c3307c92)
2020-09-05T18:52:24.6332129-03:00  [INF] Content root path: "F:\Projetos\Faculdade\Trabalho - middleware aal\middleware_autorization_authentication_auditing\middleware_autorization_authentication_auditing" (b5d60022)
2020-09-05T18:52:29.3206299-03:00 8000008f-0006-fe00-b63f-84710c7967bb [INF] O Usuário gabriel2mm visualizou a lista de usuários (f65e3adf)
2020-09-05T18:52:52.3879561-03:00 80000090-0006-fe00-b63f-84710c7967bb [INF] Usuário  gabriel2mm efetuou login ás 05/09/2020 18:52 (be9b993f)
2020-09-05T18:53:28.0160343-03:00 80000091-0006-fe00-b63f-84710c7967bb [INF] O Usuário gabriel2mm atualizou o usuário gabriel2mm (3b02c5a5)
2020-09-05T18:53:33.5707200-03:00 80000092-0006-fe00-b63f-84710c7967bb [INF] Usuário  gabriel2mm efetuou login ás 05/09/2020 18:53 (5a46d08f)
